12-Nov-2024 14:50:27.294 INFO [main] org.apache.catalina.startup.VersionLoggerListener.log Server version name:   Apache Tomcat/10.1.26
12-Nov-2024 14:50:27.297 INFO [main] org.apache.catalina.startup.VersionLoggerListener.log Server built:          Jul 7 2024 21:02:13 UTC
12-Nov-2024 14:50:27.297 INFO [main] org.apache.catalina.startup.VersionLoggerListener.log Server version number: 10.1.26.0
12-Nov-2024 14:50:27.297 INFO [main] org.apache.catalina.startup.VersionLoggerListener.log OS Name:               Windows 11
12-Nov-2024 14:50:27.297 INFO [main] org.apache.catalina.startup.VersionLoggerListener.log OS Version:            10.0
12-Nov-2024 14:50:27.297 INFO [main] org.apache.catalina.startup.VersionLoggerListener.log Architecture:          amd64
12-Nov-2024 14:50:27.297 INFO [main] org.apache.catalina.startup.VersionLoggerListener.log Java Home:             C:\Users\AN CUTE\.jdks\openjdk-22.0.2
12-Nov-2024 14:50:27.297 INFO [main] org.apache.catalina.startup.VersionLoggerListener.log JVM Version:           22.0.2+9-70
12-Nov-2024 14:50:27.298 INFO [main] org.apache.catalina.startup.VersionLoggerListener.log JVM Vendor:            Oracle Corporation
12-Nov-2024 14:50:27.298 INFO [main] org.apache.catalina.startup.VersionLoggerListener.log CATALINA_BASE:         D:\UTE_Huhu\HK1-2025\WEB\WebPersonalFinal
12-Nov-2024 14:50:27.298 INFO [main] org.apache.catalina.startup.VersionLoggerListener.log CATALINA_HOME:         D:\UTE_Huhu\HK1-2025\WEB\TomCat\apache-tomcat-10.1.26
12-Nov-2024 14:50:27.305 INFO [main] org.apache.catalina.startup.VersionLoggerListener.log Command line argument: --add-opens=java.base/java.lang=ALL-UNNAMED
12-Nov-2024 14:50:27.305 INFO [main] org.apache.catalina.startup.VersionLoggerListener.log Command line argument: --add-opens=java.base/java.io=ALL-UNNAMED
12-Nov-2024 14:50:27.305 INFO [main] org.apache.catalina.startup.VersionLoggerListener.log Command line argument: --add-opens=java.base/java.util=ALL-UNNAMED
12-Nov-2024 14:50:27.305 INFO [main] org.apache.catalina.startup.VersionLoggerListener.log Command line argument: --add-opens=java.base/java.util.concurrent=ALL-UNNAMED
12-Nov-2024 14:50:27.305 INFO [main] org.apache.catalina.startup.VersionLoggerListener.log Command line argument: --add-opens=java.rmi/sun.rmi.transport=ALL-UNNAMED
12-Nov-2024 14:50:27.305 INFO [main] org.apache.catalina.startup.VersionLoggerListener.log Command line argument: -Dcatalina.home=D:\UTE_Huhu\HK1-2025\WEB\TomCat\apache-tomcat-10.1.26
12-Nov-2024 14:50:27.305 INFO [main] org.apache.catalina.startup.VersionLoggerListener.log Command line argument: -Dcatalina.base=D:\UTE_Huhu\HK1-2025\WEB\WebPersonalFinal
12-Nov-2024 14:50:27.306 INFO [main] org.apache.catalina.startup.VersionLoggerListener.log Command line argument: -Djava.io.tmpdir=D:\UTE_Huhu\HK1-2025\WEB\WebPersonalFinal\temp
12-Nov-2024 14:50:27.306 INFO [main] org.apache.catalina.startup.VersionLoggerListener.log Command line argument: -Djava.util.logging.config.file=D:\UTE_Huhu\HK1-2025\WEB\WebPersonalFinal\conf\logging.properties
12-Nov-2024 14:50:27.306 INFO [main] org.apache.catalina.startup.VersionLoggerListener.log Command line argument: -Djava.util.logging.manager=org.apache.juli.ClassLoaderLogManager
12-Nov-2024 14:50:27.306 INFO [main] org.apache.catalina.startup.VersionLoggerListener.log Command line argument: -javaagent:E:\Program\Intellij\IntelliJ IDEA 2024.2.1\lib\idea_rt.jar=56413:E:\Program\Intellij\IntelliJ IDEA 2024.2.1\bin
12-Nov-2024 14:50:27.306 INFO [main] org.apache.catalina.startup.VersionLoggerListener.log Command line argument: -Dfile.encoding=UTF-8
12-Nov-2024 14:50:27.306 INFO [main] org.apache.catalina.startup.VersionLoggerListener.log Command line argument: -Dsun.stdout.encoding=UTF-8
12-Nov-2024 14:50:27.306 INFO [main] org.apache.catalina.startup.VersionLoggerListener.log Command line argument: -Dsun.stderr.encoding=UTF-8
12-Nov-2024 14:50:27.381 INFO [main] org.apache.catalina.core.AprLifecycleListener.lifecycleEvent Loaded Apache Tomcat Native library [2.0.7] using APR version [1.7.4].
12-Nov-2024 14:50:27.385 INFO [main] org.apache.catalina.core.AprLifecycleListener.initializeSSL OpenSSL successfully initialized [OpenSSL 3.0.13 30 Jan 2024]
12-Nov-2024 14:50:27.637 INFO [main] org.apache.coyote.AbstractProtocol.init Initializing ProtocolHandler ["http-nio-8080"]
12-Nov-2024 14:50:27.649 INFO [main] org.apache.catalina.startup.Catalina.load Server initialization in [512] milliseconds
12-Nov-2024 14:50:27.680 INFO [main] org.apache.catalina.core.StandardService.startInternal Starting service [Catalina]
12-Nov-2024 14:50:27.681 INFO [main] org.apache.catalina.core.StandardEngine.startInternal Starting Servlet engine: [Apache Tomcat/10.1.26]
12-Nov-2024 14:50:27.689 INFO [main] org.apache.catalina.startup.HostConfig.deployDescriptor Deploying deployment descriptor [D:\UTE_Huhu\HK1-2025\WEB\WebPersonalFinal\conf\Catalina\localhost\WebPersonalFinal.xml]
12-Nov-2024 14:50:27.945 INFO [main] org.apache.jasper.servlet.TldScanner.scanJars At least one JAR was scanned for TLDs yet contained no TLDs. Enable debug logging for this logger for a complete list of JARs that were scanned but no TLDs were found in them. Skipping unneeded JARs during scanning can improve startup time and JSP compilation time.
12-Nov-2024 14:50:27.986 INFO [main] org.apache.catalina.startup.HostConfig.deployDescriptor Deployment of deployment descriptor [D:\UTE_Huhu\HK1-2025\WEB\WebPersonalFinal\conf\Catalina\localhost\WebPersonalFinal.xml] has finished in [297] ms
12-Nov-2024 14:50:27.989 INFO [main] org.apache.coyote.AbstractProtocol.start Starting ProtocolHandler ["http-nio-8080"]
12-Nov-2024 14:50:28.008 INFO [main] org.apache.catalina.startup.Catalina.start Server startup in [358] milliseconds
12-Nov-2024 14:50:56.984 INFO [Thread-1] org.apache.coyote.AbstractProtocol.pause Pausing ProtocolHandler ["http-nio-8080"]
12-Nov-2024 14:50:56.989 INFO [Thread-1] org.apache.catalina.core.StandardService.stopInternal Stopping service [Catalina]
12-Nov-2024 14:50:57.000 INFO [Thread-1] org.apache.coyote.AbstractProtocol.stop Stopping ProtocolHandler ["http-nio-8080"]
12-Nov-2024 14:50:57.024 INFO [Thread-1] org.apache.coyote.AbstractProtocol.destroy Destroying ProtocolHandler ["http-nio-8080"]
12-Nov-2024 14:51:17.686 INFO [main] org.apache.catalina.startup.VersionLoggerListener.log Server version name:   Apache Tomcat/10.1.26
12-Nov-2024 14:51:17.690 INFO [main] org.apache.catalina.startup.VersionLoggerListener.log Server built:          Jul 7 2024 21:02:13 UTC
12-Nov-2024 14:51:17.690 INFO [main] org.apache.catalina.startup.VersionLoggerListener.log Server version number: 10.1.26.0
12-Nov-2024 14:51:17.691 INFO [main] org.apache.catalina.startup.VersionLoggerListener.log OS Name:               Windows 11
12-Nov-2024 14:51:17.691 INFO [main] org.apache.catalina.startup.VersionLoggerListener.log OS Version:            10.0
12-Nov-2024 14:51:17.691 INFO [main] org.apache.catalina.startup.VersionLoggerListener.log Architecture:          amd64
12-Nov-2024 14:51:17.691 INFO [main] org.apache.catalina.startup.VersionLoggerListener.log Java Home:             C:\Users\AN CUTE\.jdks\openjdk-22.0.2
12-Nov-2024 14:51:17.691 INFO [main] org.apache.catalina.startup.VersionLoggerListener.log JVM Version:           22.0.2+9-70
12-Nov-2024 14:51:17.691 INFO [main] org.apache.catalina.startup.VersionLoggerListener.log JVM Vendor:            Oracle Corporation
12-Nov-2024 14:51:17.691 INFO [main] org.apache.catalina.startup.VersionLoggerListener.log CATALINA_BASE:         D:\UTE_Huhu\HK1-2025\WEB\WebPersonalFinal
12-Nov-2024 14:51:17.691 INFO [main] org.apache.catalina.startup.VersionLoggerListener.log CATALINA_HOME:         D:\UTE_Huhu\HK1-2025\WEB\TomCat\apache-tomcat-10.1.26
12-Nov-2024 14:51:17.698 INFO [main] org.apache.catalina.startup.VersionLoggerListener.log Command line argument: --add-opens=java.base/java.lang=ALL-UNNAMED
12-Nov-2024 14:51:17.698 INFO [main] org.apache.catalina.startup.VersionLoggerListener.log Command line argument: --add-opens=java.base/java.io=ALL-UNNAMED
12-Nov-2024 14:51:17.698 INFO [main] org.apache.catalina.startup.VersionLoggerListener.log Command line argument: --add-opens=java.base/java.util=ALL-UNNAMED
12-Nov-2024 14:51:17.698 INFO [main] org.apache.catalina.startup.VersionLoggerListener.log Command line argument: --add-opens=java.base/java.util.concurrent=ALL-UNNAMED
12-Nov-2024 14:51:17.698 INFO [main] org.apache.catalina.startup.VersionLoggerListener.log Command line argument: --add-opens=java.rmi/sun.rmi.transport=ALL-UNNAMED
12-Nov-2024 14:51:17.698 INFO [main] org.apache.catalina.startup.VersionLoggerListener.log Command line argument: -Dcatalina.home=D:\UTE_Huhu\HK1-2025\WEB\TomCat\apache-tomcat-10.1.26
12-Nov-2024 14:51:17.698 INFO [main] org.apache.catalina.startup.VersionLoggerListener.log Command line argument: -Dcatalina.base=D:\UTE_Huhu\HK1-2025\WEB\WebPersonalFinal
12-Nov-2024 14:51:17.699 INFO [main] org.apache.catalina.startup.VersionLoggerListener.log Command line argument: -Djava.io.tmpdir=D:\UTE_Huhu\HK1-2025\WEB\WebPersonalFinal\temp
12-Nov-2024 14:51:17.699 INFO [main] org.apache.catalina.startup.VersionLoggerListener.log Command line argument: -Djava.util.logging.config.file=D:\UTE_Huhu\HK1-2025\WEB\WebPersonalFinal\conf\logging.properties
12-Nov-2024 14:51:17.699 INFO [main] org.apache.catalina.startup.VersionLoggerListener.log Command line argument: -Djava.util.logging.manager=org.apache.juli.ClassLoaderLogManager
12-Nov-2024 14:51:17.699 INFO [main] org.apache.catalina.startup.VersionLoggerListener.log Command line argument: -javaagent:E:\Program\Intellij\IntelliJ IDEA 2024.2.1\lib\idea_rt.jar=56491:E:\Program\Intellij\IntelliJ IDEA 2024.2.1\bin
12-Nov-2024 14:51:17.699 INFO [main] org.apache.catalina.startup.VersionLoggerListener.log Command line argument: -Dfile.encoding=UTF-8
12-Nov-2024 14:51:17.699 INFO [main] org.apache.catalina.startup.VersionLoggerListener.log Command line argument: -Dsun.stdout.encoding=UTF-8
12-Nov-2024 14:51:17.699 INFO [main] org.apache.catalina.startup.VersionLoggerListener.log Command line argument: -Dsun.stderr.encoding=UTF-8
12-Nov-2024 14:51:17.701 INFO [main] org.apache.catalina.core.AprLifecycleListener.lifecycleEvent Loaded Apache Tomcat Native library [2.0.7] using APR version [1.7.4].
12-Nov-2024 14:51:17.705 INFO [main] org.apache.catalina.core.AprLifecycleListener.initializeSSL OpenSSL successfully initialized [OpenSSL 3.0.13 30 Jan 2024]
12-Nov-2024 14:51:17.979 INFO [main] org.apache.coyote.AbstractProtocol.init Initializing ProtocolHandler ["http-nio-8080"]
12-Nov-2024 14:51:18.000 INFO [main] org.apache.catalina.startup.Catalina.load Server initialization in [496] milliseconds
12-Nov-2024 14:51:18.055 INFO [main] org.apache.catalina.core.StandardService.startInternal Starting service [Catalina]
12-Nov-2024 14:51:18.055 INFO [main] org.apache.catalina.core.StandardEngine.startInternal Starting Servlet engine: [Apache Tomcat/10.1.26]
12-Nov-2024 14:51:18.063 INFO [main] org.apache.catalina.startup.HostConfig.deployDescriptor Deploying deployment descriptor [D:\UTE_Huhu\HK1-2025\WEB\WebPersonalFinal\conf\Catalina\localhost\WebPersonalFinal.xml]
12-Nov-2024 14:51:18.330 INFO [main] org.apache.jasper.servlet.TldScanner.scanJars At least one JAR was scanned for TLDs yet contained no TLDs. Enable debug logging for this logger for a complete list of JARs that were scanned but no TLDs were found in them. Skipping unneeded JARs during scanning can improve startup time and JSP compilation time.
12-Nov-2024 14:51:18.373 INFO [main] org.apache.catalina.startup.HostConfig.deployDescriptor Deployment of deployment descriptor [D:\UTE_Huhu\HK1-2025\WEB\WebPersonalFinal\conf\Catalina\localhost\WebPersonalFinal.xml] has finished in [310] ms
12-Nov-2024 14:51:18.377 INFO [main] org.apache.coyote.AbstractProtocol.start Starting ProtocolHandler ["http-nio-8080"]
12-Nov-2024 14:51:18.396 INFO [main] org.apache.catalina.startup.Catalina.start Server startup in [394] milliseconds
12-Nov-2024 14:51:47.147 INFO [Thread-1] org.apache.coyote.AbstractProtocol.pause Pausing ProtocolHandler ["http-nio-8080"]
12-Nov-2024 14:51:47.151 INFO [Thread-1] org.apache.catalina.core.StandardService.stopInternal Stopping service [Catalina]
12-Nov-2024 14:51:47.160 INFO [Thread-1] org.apache.coyote.AbstractProtocol.stop Stopping ProtocolHandler ["http-nio-8080"]
12-Nov-2024 14:51:47.162 INFO [Thread-1] org.apache.coyote.AbstractProtocol.destroy Destroying ProtocolHandler ["http-nio-8080"]
12-Nov-2024 14:52:07.693 INFO [main] org.apache.catalina.startup.VersionLoggerListener.log Server version name:   Apache Tomcat/10.1.26
12-Nov-2024 14:52:07.697 INFO [main] org.apache.catalina.startup.VersionLoggerListener.log Server built:          Jul 7 2024 21:02:13 UTC
12-Nov-2024 14:52:07.697 INFO [main] org.apache.catalina.startup.VersionLoggerListener.log Server version number: 10.1.26.0
12-Nov-2024 14:52:07.697 INFO [main] org.apache.catalina.startup.VersionLoggerListener.log OS Name:               Windows 11
12-Nov-2024 14:52:07.697 INFO [main] org.apache.catalina.startup.VersionLoggerListener.log OS Version:            10.0
12-Nov-2024 14:52:07.697 INFO [main] org.apache.catalina.startup.VersionLoggerListener.log Architecture:          amd64
12-Nov-2024 14:52:07.698 INFO [main] org.apache.catalina.startup.VersionLoggerListener.log Java Home:             C:\Users\AN CUTE\.jdks\openjdk-22.0.2
12-Nov-2024 14:52:07.698 INFO [main] org.apache.catalina.startup.VersionLoggerListener.log JVM Version:           22.0.2+9-70
12-Nov-2024 14:52:07.698 INFO [main] org.apache.catalina.startup.VersionLoggerListener.log JVM Vendor:            Oracle Corporation
12-Nov-2024 14:52:07.698 INFO [main] org.apache.catalina.startup.VersionLoggerListener.log CATALINA_BASE:         D:\UTE_Huhu\HK1-2025\WEB\WebPersonalFinal
12-Nov-2024 14:52:07.698 INFO [main] org.apache.catalina.startup.VersionLoggerListener.log CATALINA_HOME:         D:\UTE_Huhu\HK1-2025\WEB\TomCat\apache-tomcat-10.1.26
12-Nov-2024 14:52:07.706 INFO [main] org.apache.catalina.startup.VersionLoggerListener.log Command line argument: --add-opens=java.base/java.lang=ALL-UNNAMED
12-Nov-2024 14:52:07.706 INFO [main] org.apache.catalina.startup.VersionLoggerListener.log Command line argument: --add-opens=java.base/java.io=ALL-UNNAMED
12-Nov-2024 14:52:07.706 INFO [main] org.apache.catalina.startup.VersionLoggerListener.log Command line argument: --add-opens=java.base/java.util=ALL-UNNAMED
12-Nov-2024 14:52:07.706 INFO [main] org.apache.catalina.startup.VersionLoggerListener.log Command line argument: --add-opens=java.base/java.util.concurrent=ALL-UNNAMED
12-Nov-2024 14:52:07.706 INFO [main] org.apache.catalina.startup.VersionLoggerListener.log Command line argument: --add-opens=java.rmi/sun.rmi.transport=ALL-UNNAMED
12-Nov-2024 14:52:07.706 INFO [main] org.apache.catalina.startup.VersionLoggerListener.log Command line argument: -Dcatalina.home=D:\UTE_Huhu\HK1-2025\WEB\TomCat\apache-tomcat-10.1.26
12-Nov-2024 14:52:07.706 INFO [main] org.apache.catalina.startup.VersionLoggerListener.log Command line argument: -Dcatalina.base=D:\UTE_Huhu\HK1-2025\WEB\WebPersonalFinal
12-Nov-2024 14:52:07.706 INFO [main] org.apache.catalina.startup.VersionLoggerListener.log Command line argument: -Djava.io.tmpdir=D:\UTE_Huhu\HK1-2025\WEB\WebPersonalFinal\temp
12-Nov-2024 14:52:07.706 INFO [main] org.apache.catalina.startup.VersionLoggerListener.log Command line argument: -Djava.util.logging.config.file=D:\UTE_Huhu\HK1-2025\WEB\WebPersonalFinal\conf\logging.properties
12-Nov-2024 14:52:07.706 INFO [main] org.apache.catalina.startup.VersionLoggerListener.log Command line argument: -Djava.util.logging.manager=org.apache.juli.ClassLoaderLogManager
12-Nov-2024 14:52:07.706 INFO [main] org.apache.catalina.startup.VersionLoggerListener.log Command line argument: -javaagent:E:\Program\Intellij\IntelliJ IDEA 2024.2.1\lib\idea_rt.jar=56527:E:\Program\Intellij\IntelliJ IDEA 2024.2.1\bin
12-Nov-2024 14:52:07.706 INFO [main] org.apache.catalina.startup.VersionLoggerListener.log Command line argument: -Dfile.encoding=UTF-8
12-Nov-2024 14:52:07.706 INFO [main] org.apache.catalina.startup.VersionLoggerListener.log Command line argument: -Dsun.stdout.encoding=UTF-8
12-Nov-2024 14:52:07.707 INFO [main] org.apache.catalina.startup.VersionLoggerListener.log Command line argument: -Dsun.stderr.encoding=UTF-8
12-Nov-2024 14:52:07.709 INFO [main] org.apache.catalina.core.AprLifecycleListener.lifecycleEvent Loaded Apache Tomcat Native library [2.0.7] using APR version [1.7.4].
12-Nov-2024 14:52:07.713 INFO [main] org.apache.catalina.core.AprLifecycleListener.initializeSSL OpenSSL successfully initialized [OpenSSL 3.0.13 30 Jan 2024]
12-Nov-2024 14:52:07.981 INFO [main] org.apache.coyote.AbstractProtocol.init Initializing ProtocolHandler ["http-nio-8080"]
12-Nov-2024 14:52:08.001 INFO [main] org.apache.catalina.startup.Catalina.load Server initialization in [462] milliseconds
12-Nov-2024 14:52:08.053 INFO [main] org.apache.catalina.core.StandardService.startInternal Starting service [Catalina]
12-Nov-2024 14:52:08.053 INFO [main] org.apache.catalina.core.StandardEngine.startInternal Starting Servlet engine: [Apache Tomcat/10.1.26]
12-Nov-2024 14:52:08.063 INFO [main] org.apache.catalina.startup.HostConfig.deployDescriptor Deploying deployment descriptor [D:\UTE_Huhu\HK1-2025\WEB\WebPersonalFinal\conf\Catalina\localhost\WebPersonalFinal.xml]
12-Nov-2024 14:52:08.352 INFO [main] org.apache.jasper.servlet.TldScanner.scanJars At least one JAR was scanned for TLDs yet contained no TLDs. Enable debug logging for this logger for a complete list of JARs that were scanned but no TLDs were found in them. Skipping unneeded JARs during scanning can improve startup time and JSP compilation time.
12-Nov-2024 14:52:08.393 INFO [main] org.apache.catalina.startup.HostConfig.deployDescriptor Deployment of deployment descriptor [D:\UTE_Huhu\HK1-2025\WEB\WebPersonalFinal\conf\Catalina\localhost\WebPersonalFinal.xml] has finished in [329] ms
12-Nov-2024 14:52:08.397 INFO [main] org.apache.coyote.AbstractProtocol.start Starting ProtocolHandler ["http-nio-8080"]
12-Nov-2024 14:52:08.416 INFO [main] org.apache.catalina.startup.Catalina.start Server startup in [413] milliseconds
12-Nov-2024 14:52:31.007 INFO [Thread-1] org.apache.coyote.AbstractProtocol.pause Pausing ProtocolHandler ["http-nio-8080"]
12-Nov-2024 14:52:31.013 INFO [Thread-1] org.apache.catalina.core.StandardService.stopInternal Stopping service [Catalina]
12-Nov-2024 14:52:31.023 INFO [Thread-1] org.apache.coyote.AbstractProtocol.stop Stopping ProtocolHandler ["http-nio-8080"]
12-Nov-2024 14:52:31.036 INFO [Thread-1] org.apache.coyote.AbstractProtocol.destroy Destroying ProtocolHandler ["http-nio-8080"]
12-Nov-2024 14:52:32.641 INFO [main] org.apache.catalina.startup.VersionLoggerListener.log Server version name:   Apache Tomcat/10.1.26
12-Nov-2024 14:52:32.646 INFO [main] org.apache.catalina.startup.VersionLoggerListener.log Server built:          Jul 7 2024 21:02:13 UTC
12-Nov-2024 14:52:32.646 INFO [main] org.apache.catalina.startup.VersionLoggerListener.log Server version number: 10.1.26.0
12-Nov-2024 14:52:32.646 INFO [main] org.apache.catalina.startup.VersionLoggerListener.log OS Name:               Windows 11
12-Nov-2024 14:52:32.646 INFO [main] org.apache.catalina.startup.VersionLoggerListener.log OS Version:            10.0
12-Nov-2024 14:52:32.646 INFO [main] org.apache.catalina.startup.VersionLoggerListener.log Architecture:          amd64
12-Nov-2024 14:52:32.646 INFO [main] org.apache.catalina.startup.VersionLoggerListener.log Java Home:             C:\Users\AN CUTE\.jdks\openjdk-22.0.2
12-Nov-2024 14:52:32.646 INFO [main] org.apache.catalina.startup.VersionLoggerListener.log JVM Version:           22.0.2+9-70
12-Nov-2024 14:52:32.646 INFO [main] org.apache.catalina.startup.VersionLoggerListener.log JVM Vendor:            Oracle Corporation
12-Nov-2024 14:52:32.647 INFO [main] org.apache.catalina.startup.VersionLoggerListener.log CATALINA_BASE:         D:\UTE_Huhu\HK1-2025\WEB\WebPersonalFinal
12-Nov-2024 14:52:32.647 INFO [main] org.apache.catalina.startup.VersionLoggerListener.log CATALINA_HOME:         D:\UTE_Huhu\HK1-2025\WEB\TomCat\apache-tomcat-10.1.26
12-Nov-2024 14:52:32.654 INFO [main] org.apache.catalina.startup.VersionLoggerListener.log Command line argument: --add-opens=java.base/java.lang=ALL-UNNAMED
12-Nov-2024 14:52:32.654 INFO [main] org.apache.catalina.startup.VersionLoggerListener.log Command line argument: --add-opens=java.base/java.io=ALL-UNNAMED
12-Nov-2024 14:52:32.654 INFO [main] org.apache.catalina.startup.VersionLoggerListener.log Command line argument: --add-opens=java.base/java.util=ALL-UNNAMED
12-Nov-2024 14:52:32.654 INFO [main] org.apache.catalina.startup.VersionLoggerListener.log Command line argument: --add-opens=java.base/java.util.concurrent=ALL-UNNAMED
12-Nov-2024 14:52:32.654 INFO [main] org.apache.catalina.startup.VersionLoggerListener.log Command line argument: --add-opens=java.rmi/sun.rmi.transport=ALL-UNNAMED
12-Nov-2024 14:52:32.654 INFO [main] org.apache.catalina.startup.VersionLoggerListener.log Command line argument: -Dcatalina.home=D:\UTE_Huhu\HK1-2025\WEB\TomCat\apache-tomcat-10.1.26
12-Nov-2024 14:52:32.654 INFO [main] org.apache.catalina.startup.VersionLoggerListener.log Command line argument: -Dcatalina.base=D:\UTE_Huhu\HK1-2025\WEB\WebPersonalFinal
12-Nov-2024 14:52:32.654 INFO [main] org.apache.catalina.startup.VersionLoggerListener.log Command line argument: -Djava.io.tmpdir=D:\UTE_Huhu\HK1-2025\WEB\WebPersonalFinal\temp
12-Nov-2024 14:52:32.654 INFO [main] org.apache.catalina.startup.VersionLoggerListener.log Command line argument: -Djava.util.logging.config.file=D:\UTE_Huhu\HK1-2025\WEB\WebPersonalFinal\conf\logging.properties
12-Nov-2024 14:52:32.655 INFO [main] org.apache.catalina.startup.VersionLoggerListener.log Command line argument: -Djava.util.logging.manager=org.apache.juli.ClassLoaderLogManager
12-Nov-2024 14:52:32.655 INFO [main] org.apache.catalina.startup.VersionLoggerListener.log Command line argument: -javaagent:E:\Program\Intellij\IntelliJ IDEA 2024.2.1\lib\idea_rt.jar=56561:E:\Program\Intellij\IntelliJ IDEA 2024.2.1\bin
12-Nov-2024 14:52:32.655 INFO [main] org.apache.catalina.startup.VersionLoggerListener.log Command line argument: -Dfile.encoding=UTF-8
12-Nov-2024 14:52:32.655 INFO [main] org.apache.catalina.startup.VersionLoggerListener.log Command line argument: -Dsun.stdout.encoding=UTF-8
12-Nov-2024 14:52:32.655 INFO [main] org.apache.catalina.startup.VersionLoggerListener.log Command line argument: -Dsun.stderr.encoding=UTF-8
12-Nov-2024 14:52:32.657 INFO [main] org.apache.catalina.core.AprLifecycleListener.lifecycleEvent Loaded Apache Tomcat Native library [2.0.7] using APR version [1.7.4].
12-Nov-2024 14:52:32.662 INFO [main] org.apache.catalina.core.AprLifecycleListener.initializeSSL OpenSSL successfully initialized [OpenSSL 3.0.13 30 Jan 2024]
12-Nov-2024 14:52:32.918 INFO [main] org.apache.coyote.AbstractProtocol.init Initializing ProtocolHandler ["http-nio-8080"]
12-Nov-2024 14:52:32.937 INFO [main] org.apache.catalina.startup.Catalina.load Server initialization in [461] milliseconds
12-Nov-2024 14:52:32.985 INFO [main] org.apache.catalina.core.StandardService.startInternal Starting service [Catalina]
12-Nov-2024 14:52:32.986 INFO [main] org.apache.catalina.core.StandardEngine.startInternal Starting Servlet engine: [Apache Tomcat/10.1.26]
12-Nov-2024 14:52:32.994 INFO [main] org.apache.catalina.startup.HostConfig.deployDescriptor Deploying deployment descriptor [D:\UTE_Huhu\HK1-2025\WEB\WebPersonalFinal\conf\Catalina\localhost\WebPersonalFinal.xml]
12-Nov-2024 14:52:33.261 INFO [main] org.apache.jasper.servlet.TldScanner.scanJars At least one JAR was scanned for TLDs yet contained no TLDs. Enable debug logging for this logger for a complete list of JARs that were scanned but no TLDs were found in them. Skipping unneeded JARs during scanning can improve startup time and JSP compilation time.
12-Nov-2024 14:52:33.300 INFO [main] org.apache.catalina.startup.HostConfig.deployDescriptor Deployment of deployment descriptor [D:\UTE_Huhu\HK1-2025\WEB\WebPersonalFinal\conf\Catalina\localhost\WebPersonalFinal.xml] has finished in [307] ms
12-Nov-2024 14:52:33.304 INFO [main] org.apache.coyote.AbstractProtocol.start Starting ProtocolHandler ["http-nio-8080"]
12-Nov-2024 14:52:33.324 INFO [main] org.apache.catalina.startup.Catalina.start Server startup in [385] milliseconds
12-Nov-2024 14:55:40.981 INFO [Thread-1] org.apache.coyote.AbstractProtocol.pause Pausing ProtocolHandler ["http-nio-8080"]
12-Nov-2024 14:55:40.985 INFO [Thread-1] org.apache.catalina.core.StandardService.stopInternal Stopping service [Catalina]
12-Nov-2024 14:55:40.994 INFO [Thread-1] org.apache.coyote.AbstractProtocol.stop Stopping ProtocolHandler ["http-nio-8080"]
12-Nov-2024 14:55:40.997 INFO [Thread-1] org.apache.coyote.AbstractProtocol.destroy Destroying ProtocolHandler ["http-nio-8080"]
12-Nov-2024 14:55:42.622 INFO [main] org.apache.catalina.startup.VersionLoggerListener.log Server version name:   Apache Tomcat/10.1.26
12-Nov-2024 14:55:42.625 INFO [main] org.apache.catalina.startup.VersionLoggerListener.log Server built:          Jul 7 2024 21:02:13 UTC
12-Nov-2024 14:55:42.625 INFO [main] org.apache.catalina.startup.VersionLoggerListener.log Server version number: 10.1.26.0
12-Nov-2024 14:55:42.625 INFO [main] org.apache.catalina.startup.VersionLoggerListener.log OS Name:               Windows 11
12-Nov-2024 14:55:42.625 INFO [main] org.apache.catalina.startup.VersionLoggerListener.log OS Version:            10.0
12-Nov-2024 14:55:42.625 INFO [main] org.apache.catalina.startup.VersionLoggerListener.log Architecture:          amd64
12-Nov-2024 14:55:42.625 INFO [main] org.apache.catalina.startup.VersionLoggerListener.log Java Home:             C:\Users\AN CUTE\.jdks\openjdk-22.0.2
12-Nov-2024 14:55:42.625 INFO [main] org.apache.catalina.startup.VersionLoggerListener.log JVM Version:           22.0.2+9-70
12-Nov-2024 14:55:42.625 INFO [main] org.apache.catalina.startup.VersionLoggerListener.log JVM Vendor:            Oracle Corporation
12-Nov-2024 14:55:42.627 INFO [main] org.apache.catalina.startup.VersionLoggerListener.log CATALINA_BASE:         D:\UTE_Huhu\HK1-2025\WEB\WebPersonalFinal
12-Nov-2024 14:55:42.627 INFO [main] org.apache.catalina.startup.VersionLoggerListener.log CATALINA_HOME:         D:\UTE_Huhu\HK1-2025\WEB\TomCat\apache-tomcat-10.1.26
12-Nov-2024 14:55:42.635 INFO [main] org.apache.catalina.startup.VersionLoggerListener.log Command line argument: --add-opens=java.base/java.lang=ALL-UNNAMED
12-Nov-2024 14:55:42.635 INFO [main] org.apache.catalina.startup.VersionLoggerListener.log Command line argument: --add-opens=java.base/java.io=ALL-UNNAMED
12-Nov-2024 14:55:42.635 INFO [main] org.apache.catalina.startup.VersionLoggerListener.log Command line argument: --add-opens=java.base/java.util=ALL-UNNAMED
12-Nov-2024 14:55:42.636 INFO [main] org.apache.catalina.startup.VersionLoggerListener.log Command line argument: --add-opens=java.base/java.util.concurrent=ALL-UNNAMED
12-Nov-2024 14:55:42.636 INFO [main] org.apache.catalina.startup.VersionLoggerListener.log Command line argument: --add-opens=java.rmi/sun.rmi.transport=ALL-UNNAMED
12-Nov-2024 14:55:42.636 INFO [main] org.apache.catalina.startup.VersionLoggerListener.log Command line argument: -Dcatalina.home=D:\UTE_Huhu\HK1-2025\WEB\TomCat\apache-tomcat-10.1.26
12-Nov-2024 14:55:42.636 INFO [main] org.apache.catalina.startup.VersionLoggerListener.log Command line argument: -Dcatalina.base=D:\UTE_Huhu\HK1-2025\WEB\WebPersonalFinal
12-Nov-2024 14:55:42.637 INFO [main] org.apache.catalina.startup.VersionLoggerListener.log Command line argument: -Djava.io.tmpdir=D:\UTE_Huhu\HK1-2025\WEB\WebPersonalFinal\temp
12-Nov-2024 14:55:42.637 INFO [main] org.apache.catalina.startup.VersionLoggerListener.log Command line argument: -Djava.util.logging.config.file=D:\UTE_Huhu\HK1-2025\WEB\WebPersonalFinal\conf\logging.properties
12-Nov-2024 14:55:42.637 INFO [main] org.apache.catalina.startup.VersionLoggerListener.log Command line argument: -Djava.util.logging.manager=org.apache.juli.ClassLoaderLogManager
12-Nov-2024 14:55:42.637 INFO [main] org.apache.catalina.startup.VersionLoggerListener.log Command line argument: -javaagent:E:\Program\Intellij\IntelliJ IDEA 2024.2.1\lib\idea_rt.jar=56629:E:\Program\Intellij\IntelliJ IDEA 2024.2.1\bin
12-Nov-2024 14:55:42.637 INFO [main] org.apache.catalina.startup.VersionLoggerListener.log Command line argument: -Dfile.encoding=UTF-8
12-Nov-2024 14:55:42.637 INFO [main] org.apache.catalina.startup.VersionLoggerListener.log Command line argument: -Dsun.stdout.encoding=UTF-8
12-Nov-2024 14:55:42.637 INFO [main] org.apache.catalina.startup.VersionLoggerListener.log Command line argument: -Dsun.stderr.encoding=UTF-8
12-Nov-2024 14:55:42.640 INFO [main] org.apache.catalina.core.AprLifecycleListener.lifecycleEvent Loaded Apache Tomcat Native library [2.0.7] using APR version [1.7.4].
12-Nov-2024 14:55:42.645 INFO [main] org.apache.catalina.core.AprLifecycleListener.initializeSSL OpenSSL successfully initialized [OpenSSL 3.0.13 30 Jan 2024]
12-Nov-2024 14:55:42.899 INFO [main] org.apache.coyote.AbstractProtocol.init Initializing ProtocolHandler ["http-nio-8080"]
12-Nov-2024 14:55:42.920 INFO [main] org.apache.catalina.startup.Catalina.load Server initialization in [443] milliseconds
12-Nov-2024 14:55:42.968 INFO [main] org.apache.catalina.core.StandardService.startInternal Starting service [Catalina]
12-Nov-2024 14:55:42.968 INFO [main] org.apache.catalina.core.StandardEngine.startInternal Starting Servlet engine: [Apache Tomcat/10.1.26]
12-Nov-2024 14:55:42.975 INFO [main] org.apache.catalina.startup.HostConfig.deployDescriptor Deploying deployment descriptor [D:\UTE_Huhu\HK1-2025\WEB\WebPersonalFinal\conf\Catalina\localhost\WebPersonalFinal.xml]
12-Nov-2024 14:55:43.231 INFO [main] org.apache.jasper.servlet.TldScanner.scanJars At least one JAR was scanned for TLDs yet contained no TLDs. Enable debug logging for this logger for a complete list of JARs that were scanned but no TLDs were found in them. Skipping unneeded JARs during scanning can improve startup time and JSP compilation time.
12-Nov-2024 14:55:43.272 INFO [main] org.apache.catalina.startup.HostConfig.deployDescriptor Deployment of deployment descriptor [D:\UTE_Huhu\HK1-2025\WEB\WebPersonalFinal\conf\Catalina\localhost\WebPersonalFinal.xml] has finished in [296] ms
12-Nov-2024 14:55:43.275 INFO [main] org.apache.coyote.AbstractProtocol.start Starting ProtocolHandler ["http-nio-8080"]
12-Nov-2024 14:55:43.294 INFO [main] org.apache.catalina.startup.Catalina.start Server startup in [371] milliseconds
12-Nov-2024 14:59:22.846 INFO [Thread-1] org.apache.coyote.AbstractProtocol.pause Pausing ProtocolHandler ["http-nio-8080"]
12-Nov-2024 14:59:22.851 INFO [Thread-1] org.apache.catalina.core.StandardService.stopInternal Stopping service [Catalina]
12-Nov-2024 14:59:22.860 INFO [Thread-1] org.apache.coyote.AbstractProtocol.stop Stopping ProtocolHandler ["http-nio-8080"]
12-Nov-2024 14:59:22.863 INFO [Thread-1] org.apache.coyote.AbstractProtocol.destroy Destroying ProtocolHandler ["http-nio-8080"]
12-Nov-2024 14:59:24.360 INFO [main] org.apache.catalina.startup.VersionLoggerListener.log Server version name:   Apache Tomcat/10.1.26
12-Nov-2024 14:59:24.365 INFO [main] org.apache.catalina.startup.VersionLoggerListener.log Server built:          Jul 7 2024 21:02:13 UTC
12-Nov-2024 14:59:24.365 INFO [main] org.apache.catalina.startup.VersionLoggerListener.log Server version number: 10.1.26.0
12-Nov-2024 14:59:24.366 INFO [main] org.apache.catalina.startup.VersionLoggerListener.log OS Name:               Windows 11
12-Nov-2024 14:59:24.366 INFO [main] org.apache.catalina.startup.VersionLoggerListener.log OS Version:            10.0
12-Nov-2024 14:59:24.366 INFO [main] org.apache.catalina.startup.VersionLoggerListener.log Architecture:          amd64
12-Nov-2024 14:59:24.366 INFO [main] org.apache.catalina.startup.VersionLoggerListener.log Java Home:             C:\Users\AN CUTE\.jdks\openjdk-22.0.2
12-Nov-2024 14:59:24.366 INFO [main] org.apache.catalina.startup.VersionLoggerListener.log JVM Version:           22.0.2+9-70
12-Nov-2024 14:59:24.366 INFO [main] org.apache.catalina.startup.VersionLoggerListener.log JVM Vendor:            Oracle Corporation
12-Nov-2024 14:59:24.366 INFO [main] org.apache.catalina.startup.VersionLoggerListener.log CATALINA_BASE:         D:\UTE_Huhu\HK1-2025\WEB\WebPersonalFinal
12-Nov-2024 14:59:24.366 INFO [main] org.apache.catalina.startup.VersionLoggerListener.log CATALINA_HOME:         D:\UTE_Huhu\HK1-2025\WEB\TomCat\apache-tomcat-10.1.26
12-Nov-2024 14:59:24.374 INFO [main] org.apache.catalina.startup.VersionLoggerListener.log Command line argument: --add-opens=java.base/java.lang=ALL-UNNAMED
12-Nov-2024 14:59:24.374 INFO [main] org.apache.catalina.startup.VersionLoggerListener.log Command line argument: --add-opens=java.base/java.io=ALL-UNNAMED
12-Nov-2024 14:59:24.375 INFO [main] org.apache.catalina.startup.VersionLoggerListener.log Command line argument: --add-opens=java.base/java.util=ALL-UNNAMED
12-Nov-2024 14:59:24.375 INFO [main] org.apache.catalina.startup.VersionLoggerListener.log Command line argument: --add-opens=java.base/java.util.concurrent=ALL-UNNAMED
12-Nov-2024 14:59:24.375 INFO [main] org.apache.catalina.startup.VersionLoggerListener.log Command line argument: --add-opens=java.rmi/sun.rmi.transport=ALL-UNNAMED
12-Nov-2024 14:59:24.375 INFO [main] org.apache.catalina.startup.VersionLoggerListener.log Command line argument: -Dcatalina.home=D:\UTE_Huhu\HK1-2025\WEB\TomCat\apache-tomcat-10.1.26
12-Nov-2024 14:59:24.375 INFO [main] org.apache.catalina.startup.VersionLoggerListener.log Command line argument: -Dcatalina.base=D:\UTE_Huhu\HK1-2025\WEB\WebPersonalFinal
12-Nov-2024 14:59:24.375 INFO [main] org.apache.catalina.startup.VersionLoggerListener.log Command line argument: -Djava.io.tmpdir=D:\UTE_Huhu\HK1-2025\WEB\WebPersonalFinal\temp
12-Nov-2024 14:59:24.375 INFO [main] org.apache.catalina.startup.VersionLoggerListener.log Command line argument: -Djava.util.logging.config.file=D:\UTE_Huhu\HK1-2025\WEB\WebPersonalFinal\conf\logging.properties
12-Nov-2024 14:59:24.375 INFO [main] org.apache.catalina.startup.VersionLoggerListener.log Command line argument: -Djava.util.logging.manager=org.apache.juli.ClassLoaderLogManager
12-Nov-2024 14:59:24.375 INFO [main] org.apache.catalina.startup.VersionLoggerListener.log Command line argument: -javaagent:E:\Program\Intellij\IntelliJ IDEA 2024.2.1\lib\idea_rt.jar=56686:E:\Program\Intellij\IntelliJ IDEA 2024.2.1\bin
12-Nov-2024 14:59:24.375 INFO [main] org.apache.catalina.startup.VersionLoggerListener.log Command line argument: -Dfile.encoding=UTF-8
12-Nov-2024 14:59:24.375 INFO [main] org.apache.catalina.startup.VersionLoggerListener.log Command line argument: -Dsun.stdout.encoding=UTF-8
12-Nov-2024 14:59:24.375 INFO [main] org.apache.catalina.startup.VersionLoggerListener.log Command line argument: -Dsun.stderr.encoding=UTF-8
12-Nov-2024 14:59:24.379 INFO [main] org.apache.catalina.core.AprLifecycleListener.lifecycleEvent Loaded Apache Tomcat Native library [2.0.7] using APR version [1.7.4].
12-Nov-2024 14:59:24.383 INFO [main] org.apache.catalina.core.AprLifecycleListener.initializeSSL OpenSSL successfully initialized [OpenSSL 3.0.13 30 Jan 2024]
12-Nov-2024 14:59:24.629 INFO [main] org.apache.coyote.AbstractProtocol.init Initializing ProtocolHandler ["http-nio-8080"]
12-Nov-2024 14:59:24.645 INFO [main] org.apache.catalina.startup.Catalina.load Server initialization in [435] milliseconds
12-Nov-2024 14:59:24.695 INFO [main] org.apache.catalina.core.StandardService.startInternal Starting service [Catalina]
12-Nov-2024 14:59:24.695 INFO [main] org.apache.catalina.core.StandardEngine.startInternal Starting Servlet engine: [Apache Tomcat/10.1.26]
12-Nov-2024 14:59:24.705 INFO [main] org.apache.catalina.startup.HostConfig.deployDescriptor Deploying deployment descriptor [D:\UTE_Huhu\HK1-2025\WEB\WebPersonalFinal\conf\Catalina\localhost\WebPersonalFinal.xml]
12-Nov-2024 14:59:24.953 INFO [main] org.apache.jasper.servlet.TldScanner.scanJars At least one JAR was scanned for TLDs yet contained no TLDs. Enable debug logging for this logger for a complete list of JARs that were scanned but no TLDs were found in them. Skipping unneeded JARs during scanning can improve startup time and JSP compilation time.
12-Nov-2024 14:59:24.993 INFO [main] org.apache.catalina.startup.HostConfig.deployDescriptor Deployment of deployment descriptor [D:\UTE_Huhu\HK1-2025\WEB\WebPersonalFinal\conf\Catalina\localhost\WebPersonalFinal.xml] has finished in [288] ms
12-Nov-2024 14:59:24.996 INFO [main] org.apache.coyote.AbstractProtocol.start Starting ProtocolHandler ["http-nio-8080"]
12-Nov-2024 14:59:25.015 INFO [main] org.apache.catalina.startup.Catalina.start Server startup in [369] milliseconds
12-Nov-2024 15:05:02.373 INFO [Thread-1] org.apache.coyote.AbstractProtocol.pause Pausing ProtocolHandler ["http-nio-8080"]
12-Nov-2024 15:05:02.379 INFO [Thread-1] org.apache.catalina.core.StandardService.stopInternal Stopping service [Catalina]
12-Nov-2024 15:05:02.386 INFO [Thread-1] org.apache.coyote.AbstractProtocol.stop Stopping ProtocolHandler ["http-nio-8080"]
12-Nov-2024 15:05:02.391 INFO [Thread-1] org.apache.coyote.AbstractProtocol.destroy Destroying ProtocolHandler ["http-nio-8080"]
12-Nov-2024 15:05:03.847 INFO [main] org.apache.catalina.startup.VersionLoggerListener.log Server version name:   Apache Tomcat/10.1.26
12-Nov-2024 15:05:03.850 INFO [main] org.apache.catalina.startup.VersionLoggerListener.log Server built:          Jul 7 2024 21:02:13 UTC
12-Nov-2024 15:05:03.850 INFO [main] org.apache.catalina.startup.VersionLoggerListener.log Server version number: 10.1.26.0
12-Nov-2024 15:05:03.850 INFO [main] org.apache.catalina.startup.VersionLoggerListener.log OS Name:               Windows 11
12-Nov-2024 15:05:03.850 INFO [main] org.apache.catalina.startup.VersionLoggerListener.log OS Version:            10.0
12-Nov-2024 15:05:03.850 INFO [main] org.apache.catalina.startup.VersionLoggerListener.log Architecture:          amd64
12-Nov-2024 15:05:03.850 INFO [main] org.apache.catalina.startup.VersionLoggerListener.log Java Home:             C:\Users\AN CUTE\.jdks\openjdk-22.0.2
12-Nov-2024 15:05:03.850 INFO [main] org.apache.catalina.startup.VersionLoggerListener.log JVM Version:           22.0.2+9-70
12-Nov-2024 15:05:03.851 INFO [main] org.apache.catalina.startup.VersionLoggerListener.log JVM Vendor:            Oracle Corporation
12-Nov-2024 15:05:03.851 INFO [main] org.apache.catalina.startup.VersionLoggerListener.log CATALINA_BASE:         D:\UTE_Huhu\HK1-2025\WEB\WebPersonalFinal
12-Nov-2024 15:05:03.851 INFO [main] org.apache.catalina.startup.VersionLoggerListener.log CATALINA_HOME:         D:\UTE_Huhu\HK1-2025\WEB\TomCat\apache-tomcat-10.1.26
12-Nov-2024 15:05:03.859 INFO [main] org.apache.catalina.startup.VersionLoggerListener.log Command line argument: --add-opens=java.base/java.lang=ALL-UNNAMED
12-Nov-2024 15:05:03.859 INFO [main] org.apache.catalina.startup.VersionLoggerListener.log Command line argument: --add-opens=java.base/java.io=ALL-UNNAMED
12-Nov-2024 15:05:03.859 INFO [main] org.apache.catalina.startup.VersionLoggerListener.log Command line argument: --add-opens=java.base/java.util=ALL-UNNAMED
12-Nov-2024 15:05:03.859 INFO [main] org.apache.catalina.startup.VersionLoggerListener.log Command line argument: --add-opens=java.base/java.util.concurrent=ALL-UNNAMED
12-Nov-2024 15:05:03.859 INFO [main] org.apache.catalina.startup.VersionLoggerListener.log Command line argument: --add-opens=java.rmi/sun.rmi.transport=ALL-UNNAMED
12-Nov-2024 15:05:03.859 INFO [main] org.apache.catalina.startup.VersionLoggerListener.log Command line argument: -Dcatalina.home=D:\UTE_Huhu\HK1-2025\WEB\TomCat\apache-tomcat-10.1.26
12-Nov-2024 15:05:03.859 INFO [main] org.apache.catalina.startup.VersionLoggerListener.log Command line argument: -Dcatalina.base=D:\UTE_Huhu\HK1-2025\WEB\WebPersonalFinal
12-Nov-2024 15:05:03.859 INFO [main] org.apache.catalina.startup.VersionLoggerListener.log Command line argument: -Djava.io.tmpdir=D:\UTE_Huhu\HK1-2025\WEB\WebPersonalFinal\temp
12-Nov-2024 15:05:03.859 INFO [main] org.apache.catalina.startup.VersionLoggerListener.log Command line argument: -Djava.util.logging.config.file=D:\UTE_Huhu\HK1-2025\WEB\WebPersonalFinal\conf\logging.properties
12-Nov-2024 15:05:03.860 INFO [main] org.apache.catalina.startup.VersionLoggerListener.log Command line argument: -Djava.util.logging.manager=org.apache.juli.ClassLoaderLogManager
12-Nov-2024 15:05:03.860 INFO [main] org.apache.catalina.startup.VersionLoggerListener.log Command line argument: -javaagent:E:\Program\Intellij\IntelliJ IDEA 2024.2.1\lib\idea_rt.jar=56771:E:\Program\Intellij\IntelliJ IDEA 2024.2.1\bin
12-Nov-2024 15:05:03.860 INFO [main] org.apache.catalina.startup.VersionLoggerListener.log Command line argument: -Dfile.encoding=UTF-8
12-Nov-2024 15:05:03.860 INFO [main] org.apache.catalina.startup.VersionLoggerListener.log Command line argument: -Dsun.stdout.encoding=UTF-8
12-Nov-2024 15:05:03.860 INFO [main] org.apache.catalina.startup.VersionLoggerListener.log Command line argument: -Dsun.stderr.encoding=UTF-8
12-Nov-2024 15:05:03.862 INFO [main] org.apache.catalina.core.AprLifecycleListener.lifecycleEvent Loaded Apache Tomcat Native library [2.0.7] using APR version [1.7.4].
12-Nov-2024 15:05:03.866 INFO [main] org.apache.catalina.core.AprLifecycleListener.initializeSSL OpenSSL successfully initialized [OpenSSL 3.0.13 30 Jan 2024]
12-Nov-2024 15:05:04.135 INFO [main] org.apache.coyote.AbstractProtocol.init Initializing ProtocolHandler ["http-nio-8080"]
12-Nov-2024 15:05:04.153 INFO [main] org.apache.catalina.startup.Catalina.load Server initialization in [455] milliseconds
12-Nov-2024 15:05:04.196 INFO [main] org.apache.catalina.core.StandardService.startInternal Starting service [Catalina]
12-Nov-2024 15:05:04.198 INFO [main] org.apache.catalina.core.StandardEngine.startInternal Starting Servlet engine: [Apache Tomcat/10.1.26]
12-Nov-2024 15:05:04.206 INFO [main] org.apache.catalina.startup.HostConfig.deployDescriptor Deploying deployment descriptor [D:\UTE_Huhu\HK1-2025\WEB\WebPersonalFinal\conf\Catalina\localhost\WebPersonalFinal.xml]
12-Nov-2024 15:05:04.474 INFO [main] org.apache.jasper.servlet.TldScanner.scanJars At least one JAR was scanned for TLDs yet contained no TLDs. Enable debug logging for this logger for a complete list of JARs that were scanned but no TLDs were found in them. Skipping unneeded JARs during scanning can improve startup time and JSP compilation time.
12-Nov-2024 15:05:04.515 INFO [main] org.apache.catalina.startup.HostConfig.deployDescriptor Deployment of deployment descriptor [D:\UTE_Huhu\HK1-2025\WEB\WebPersonalFinal\conf\Catalina\localhost\WebPersonalFinal.xml] has finished in [309] ms
12-Nov-2024 15:05:04.520 INFO [main] org.apache.coyote.AbstractProtocol.start Starting ProtocolHandler ["http-nio-8080"]
12-Nov-2024 15:05:04.542 INFO [main] org.apache.catalina.startup.Catalina.start Server startup in [387] milliseconds
12-Nov-2024 15:12:05.112 INFO [Thread-1] org.apache.coyote.AbstractProtocol.pause Pausing ProtocolHandler ["http-nio-8080"]
12-Nov-2024 15:12:05.118 INFO [Thread-1] org.apache.catalina.core.StandardService.stopInternal Stopping service [Catalina]
12-Nov-2024 15:12:05.128 INFO [Thread-1] org.apache.coyote.AbstractProtocol.stop Stopping ProtocolHandler ["http-nio-8080"]
12-Nov-2024 15:12:05.145 INFO [Thread-1] org.apache.coyote.AbstractProtocol.destroy Destroying ProtocolHandler ["http-nio-8080"]
12-Nov-2024 15:15:03.973 INFO [main] org.apache.catalina.startup.VersionLoggerListener.log Server version name:   Apache Tomcat/10.1.26
12-Nov-2024 15:15:03.976 INFO [main] org.apache.catalina.startup.VersionLoggerListener.log Server built:          Jul 7 2024 21:02:13 UTC
12-Nov-2024 15:15:03.976 INFO [main] org.apache.catalina.startup.VersionLoggerListener.log Server version number: 10.1.26.0
12-Nov-2024 15:15:03.976 INFO [main] org.apache.catalina.startup.VersionLoggerListener.log OS Name:               Windows 11
12-Nov-2024 15:15:03.976 INFO [main] org.apache.catalina.startup.VersionLoggerListener.log OS Version:            10.0
12-Nov-2024 15:15:03.976 INFO [main] org.apache.catalina.startup.VersionLoggerListener.log Architecture:          amd64
12-Nov-2024 15:15:03.976 INFO [main] org.apache.catalina.startup.VersionLoggerListener.log Java Home:             C:\Users\AN CUTE\.jdks\openjdk-22.0.2
12-Nov-2024 15:15:03.976 INFO [main] org.apache.catalina.startup.VersionLoggerListener.log JVM Version:           22.0.2+9-70
12-Nov-2024 15:15:03.976 INFO [main] org.apache.catalina.startup.VersionLoggerListener.log JVM Vendor:            Oracle Corporation
12-Nov-2024 15:15:03.976 INFO [main] org.apache.catalina.startup.VersionLoggerListener.log CATALINA_BASE:         D:\UTE_Huhu\HK1-2025\WEB\WebPersonalFinal
12-Nov-2024 15:15:03.978 INFO [main] org.apache.catalina.startup.VersionLoggerListener.log CATALINA_HOME:         D:\UTE_Huhu\HK1-2025\WEB\TomCat\apache-tomcat-10.1.26
12-Nov-2024 15:15:03.985 INFO [main] org.apache.catalina.startup.VersionLoggerListener.log Command line argument: --add-opens=java.base/java.lang=ALL-UNNAMED
12-Nov-2024 15:15:03.985 INFO [main] org.apache.catalina.startup.VersionLoggerListener.log Command line argument: --add-opens=java.base/java.io=ALL-UNNAMED
12-Nov-2024 15:15:03.985 INFO [main] org.apache.catalina.startup.VersionLoggerListener.log Command line argument: --add-opens=java.base/java.util=ALL-UNNAMED
12-Nov-2024 15:15:03.985 INFO [main] org.apache.catalina.startup.VersionLoggerListener.log Command line argument: --add-opens=java.base/java.util.concurrent=ALL-UNNAMED
12-Nov-2024 15:15:03.985 INFO [main] org.apache.catalina.startup.VersionLoggerListener.log Command line argument: --add-opens=java.rmi/sun.rmi.transport=ALL-UNNAMED
12-Nov-2024 15:15:03.985 INFO [main] org.apache.catalina.startup.VersionLoggerListener.log Command line argument: -Dcatalina.home=D:\UTE_Huhu\HK1-2025\WEB\TomCat\apache-tomcat-10.1.26
12-Nov-2024 15:15:03.985 INFO [main] org.apache.catalina.startup.VersionLoggerListener.log Command line argument: -Dcatalina.base=D:\UTE_Huhu\HK1-2025\WEB\WebPersonalFinal
12-Nov-2024 15:15:03.985 INFO [main] org.apache.catalina.startup.VersionLoggerListener.log Command line argument: -Djava.io.tmpdir=D:\UTE_Huhu\HK1-2025\WEB\WebPersonalFinal\temp
12-Nov-2024 15:15:03.985 INFO [main] org.apache.catalina.startup.VersionLoggerListener.log Command line argument: -Djava.util.logging.config.file=D:\UTE_Huhu\HK1-2025\WEB\WebPersonalFinal\conf\logging.properties
12-Nov-2024 15:15:03.985 INFO [main] org.apache.catalina.startup.VersionLoggerListener.log Command line argument: -Djava.util.logging.manager=org.apache.juli.ClassLoaderLogManager
12-Nov-2024 15:15:03.985 INFO [main] org.apache.catalina.startup.VersionLoggerListener.log Command line argument: -javaagent:E:\Program\Intellij\IntelliJ IDEA 2024.2.1\lib\idea_rt.jar=57828:E:\Program\Intellij\IntelliJ IDEA 2024.2.1\bin
12-Nov-2024 15:15:03.985 INFO [main] org.apache.catalina.startup.VersionLoggerListener.log Command line argument: -Dfile.encoding=UTF-8
12-Nov-2024 15:15:03.985 INFO [main] org.apache.catalina.startup.VersionLoggerListener.log Command line argument: -Dsun.stdout.encoding=UTF-8
12-Nov-2024 15:15:03.985 INFO [main] org.apache.catalina.startup.VersionLoggerListener.log Command line argument: -Dsun.stderr.encoding=UTF-8
12-Nov-2024 15:15:03.988 INFO [main] org.apache.catalina.core.AprLifecycleListener.lifecycleEvent Loaded Apache Tomcat Native library [2.0.7] using APR version [1.7.4].
12-Nov-2024 15:15:03.992 INFO [main] org.apache.catalina.core.AprLifecycleListener.initializeSSL OpenSSL successfully initialized [OpenSSL 3.0.13 30 Jan 2024]
12-Nov-2024 15:15:04.247 INFO [main] org.apache.coyote.AbstractProtocol.init Initializing ProtocolHandler ["http-nio-8080"]
12-Nov-2024 15:15:04.265 INFO [main] org.apache.catalina.startup.Catalina.load Server initialization in [438] milliseconds
12-Nov-2024 15:15:04.324 INFO [main] org.apache.catalina.core.StandardService.startInternal Starting service [Catalina]
12-Nov-2024 15:15:04.325 INFO [main] org.apache.catalina.core.StandardEngine.startInternal Starting Servlet engine: [Apache Tomcat/10.1.26]
12-Nov-2024 15:15:04.340 INFO [main] org.apache.catalina.startup.HostConfig.deployDescriptor Deploying deployment descriptor [D:\UTE_Huhu\HK1-2025\WEB\WebPersonalFinal\conf\Catalina\localhost\WebPersonalFinal.xml]
12-Nov-2024 15:15:04.612 INFO [main] org.apache.jasper.servlet.TldScanner.scanJars At least one JAR was scanned for TLDs yet contained no TLDs. Enable debug logging for this logger for a complete list of JARs that were scanned but no TLDs were found in them. Skipping unneeded JARs during scanning can improve startup time and JSP compilation time.
12-Nov-2024 15:15:04.653 INFO [main] org.apache.catalina.startup.HostConfig.deployDescriptor Deployment of deployment descriptor [D:\UTE_Huhu\HK1-2025\WEB\WebPersonalFinal\conf\Catalina\localhost\WebPersonalFinal.xml] has finished in [312] ms
12-Nov-2024 15:15:04.656 INFO [main] org.apache.coyote.AbstractProtocol.start Starting ProtocolHandler ["http-nio-8080"]
12-Nov-2024 15:15:04.676 INFO [main] org.apache.catalina.startup.Catalina.start Server startup in [409] milliseconds
12-Nov-2024 15:27:47.741 INFO [Thread-1] org.apache.coyote.AbstractProtocol.pause Pausing ProtocolHandler ["http-nio-8080"]
12-Nov-2024 15:27:47.748 INFO [Thread-1] org.apache.catalina.core.StandardService.stopInternal Stopping service [Catalina]
12-Nov-2024 15:27:47.757 INFO [Thread-1] org.apache.coyote.AbstractProtocol.stop Stopping ProtocolHandler ["http-nio-8080"]
12-Nov-2024 15:27:47.759 INFO [Thread-1] org.apache.coyote.AbstractProtocol.destroy Destroying ProtocolHandler ["http-nio-8080"]
12-Nov-2024 15:27:49.289 INFO [main] org.apache.catalina.startup.VersionLoggerListener.log Server version name:   Apache Tomcat/10.1.26
12-Nov-2024 15:27:49.293 INFO [main] org.apache.catalina.startup.VersionLoggerListener.log Server built:          Jul 7 2024 21:02:13 UTC
12-Nov-2024 15:27:49.293 INFO [main] org.apache.catalina.startup.VersionLoggerListener.log Server version number: 10.1.26.0
12-Nov-2024 15:27:49.293 INFO [main] org.apache.catalina.startup.VersionLoggerListener.log OS Name:               Windows 11
12-Nov-2024 15:27:49.293 INFO [main] org.apache.catalina.startup.VersionLoggerListener.log OS Version:            10.0
12-Nov-2024 15:27:49.294 INFO [main] org.apache.catalina.startup.VersionLoggerListener.log Architecture:          amd64
12-Nov-2024 15:27:49.294 INFO [main] org.apache.catalina.startup.VersionLoggerListener.log Java Home:             C:\Users\AN CUTE\.jdks\openjdk-22.0.2
12-Nov-2024 15:27:49.294 INFO [main] org.apache.catalina.startup.VersionLoggerListener.log JVM Version:           22.0.2+9-70
12-Nov-2024 15:27:49.294 INFO [main] org.apache.catalina.startup.VersionLoggerListener.log JVM Vendor:            Oracle Corporation
12-Nov-2024 15:27:49.294 INFO [main] org.apache.catalina.startup.VersionLoggerListener.log CATALINA_BASE:         D:\UTE_Huhu\HK1-2025\WEB\WebPersonalFinal
12-Nov-2024 15:27:49.294 INFO [main] org.apache.catalina.startup.VersionLoggerListener.log CATALINA_HOME:         D:\UTE_Huhu\HK1-2025\WEB\TomCat\apache-tomcat-10.1.26
12-Nov-2024 15:27:49.301 INFO [main] org.apache.catalina.startup.VersionLoggerListener.log Command line argument: --add-opens=java.base/java.lang=ALL-UNNAMED
12-Nov-2024 15:27:49.302 INFO [main] org.apache.catalina.startup.VersionLoggerListener.log Command line argument: --add-opens=java.base/java.io=ALL-UNNAMED
12-Nov-2024 15:27:49.302 INFO [main] org.apache.catalina.startup.VersionLoggerListener.log Command line argument: --add-opens=java.base/java.util=ALL-UNNAMED
12-Nov-2024 15:27:49.302 INFO [main] org.apache.catalina.startup.VersionLoggerListener.log Command line argument: --add-opens=java.base/java.util.concurrent=ALL-UNNAMED
12-Nov-2024 15:27:49.302 INFO [main] org.apache.catalina.startup.VersionLoggerListener.log Command line argument: --add-opens=java.rmi/sun.rmi.transport=ALL-UNNAMED
12-Nov-2024 15:27:49.302 INFO [main] org.apache.catalina.startup.VersionLoggerListener.log Command line argument: -Dcatalina.home=D:\UTE_Huhu\HK1-2025\WEB\TomCat\apache-tomcat-10.1.26
12-Nov-2024 15:27:49.302 INFO [main] org.apache.catalina.startup.VersionLoggerListener.log Command line argument: -Dcatalina.base=D:\UTE_Huhu\HK1-2025\WEB\WebPersonalFinal
12-Nov-2024 15:27:49.302 INFO [main] org.apache.catalina.startup.VersionLoggerListener.log Command line argument: -Djava.io.tmpdir=D:\UTE_Huhu\HK1-2025\WEB\WebPersonalFinal\temp
12-Nov-2024 15:27:49.302 INFO [main] org.apache.catalina.startup.VersionLoggerListener.log Command line argument: -Djava.util.logging.config.file=D:\UTE_Huhu\HK1-2025\WEB\WebPersonalFinal\conf\logging.properties
12-Nov-2024 15:27:49.302 INFO [main] org.apache.catalina.startup.VersionLoggerListener.log Command line argument: -Djava.util.logging.manager=org.apache.juli.ClassLoaderLogManager
12-Nov-2024 15:27:49.302 INFO [main] org.apache.catalina.startup.VersionLoggerListener.log Command line argument: -javaagent:E:\Program\Intellij\IntelliJ IDEA 2024.2.1\lib\idea_rt.jar=58202:E:\Program\Intellij\IntelliJ IDEA 2024.2.1\bin
12-Nov-2024 15:27:49.302 INFO [main] org.apache.catalina.startup.VersionLoggerListener.log Command line argument: -Dfile.encoding=UTF-8
12-Nov-2024 15:27:49.302 INFO [main] org.apache.catalina.startup.VersionLoggerListener.log Command line argument: -Dsun.stdout.encoding=UTF-8
12-Nov-2024 15:27:49.302 INFO [main] org.apache.catalina.startup.VersionLoggerListener.log Command line argument: -Dsun.stderr.encoding=UTF-8
12-Nov-2024 15:27:49.304 INFO [main] org.apache.catalina.core.AprLifecycleListener.lifecycleEvent Loaded Apache Tomcat Native library [2.0.7] using APR version [1.7.4].
12-Nov-2024 15:27:49.309 INFO [main] org.apache.catalina.core.AprLifecycleListener.initializeSSL OpenSSL successfully initialized [OpenSSL 3.0.13 30 Jan 2024]
12-Nov-2024 15:27:49.579 INFO [main] org.apache.coyote.AbstractProtocol.init Initializing ProtocolHandler ["http-nio-8080"]
12-Nov-2024 15:27:49.596 INFO [main] org.apache.catalina.startup.Catalina.load Server initialization in [458] milliseconds
12-Nov-2024 15:27:49.634 INFO [main] org.apache.catalina.core.StandardService.startInternal Starting service [Catalina]
12-Nov-2024 15:27:49.635 INFO [main] org.apache.catalina.core.StandardEngine.startInternal Starting Servlet engine: [Apache Tomcat/10.1.26]
12-Nov-2024 15:27:49.642 INFO [main] org.apache.catalina.startup.HostConfig.deployDescriptor Deploying deployment descriptor [D:\UTE_Huhu\HK1-2025\WEB\WebPersonalFinal\conf\Catalina\localhost\WebPersonalFinal.xml]
12-Nov-2024 15:27:49.919 INFO [main] org.apache.jasper.servlet.TldScanner.scanJars At least one JAR was scanned for TLDs yet contained no TLDs. Enable debug logging for this logger for a complete list of JARs that were scanned but no TLDs were found in them. Skipping unneeded JARs during scanning can improve startup time and JSP compilation time.
12-Nov-2024 15:27:49.962 INFO [main] org.apache.catalina.startup.HostConfig.deployDescriptor Deployment of deployment descriptor [D:\UTE_Huhu\HK1-2025\WEB\WebPersonalFinal\conf\Catalina\localhost\WebPersonalFinal.xml] has finished in [320] ms
12-Nov-2024 15:27:49.966 INFO [main] org.apache.coyote.AbstractProtocol.start Starting ProtocolHandler ["http-nio-8080"]
12-Nov-2024 15:27:49.986 INFO [main] org.apache.catalina.startup.Catalina.start Server startup in [387] milliseconds
12-Nov-2024 15:34:50.952 INFO [Thread-1] org.apache.coyote.AbstractProtocol.pause Pausing ProtocolHandler ["http-nio-8080"]
12-Nov-2024 15:34:50.957 INFO [Thread-1] org.apache.catalina.core.StandardService.stopInternal Stopping service [Catalina]
12-Nov-2024 15:34:50.966 INFO [Thread-1] org.apache.coyote.AbstractProtocol.stop Stopping ProtocolHandler ["http-nio-8080"]
12-Nov-2024 15:34:50.970 INFO [Thread-1] org.apache.coyote.AbstractProtocol.destroy Destroying ProtocolHandler ["http-nio-8080"]
12-Nov-2024 15:38:11.456 INFO [main] org.apache.catalina.startup.VersionLoggerListener.log Server version name:   Apache Tomcat/10.1.26
12-Nov-2024 15:38:11.459 INFO [main] org.apache.catalina.startup.VersionLoggerListener.log Server built:          Jul 7 2024 21:02:13 UTC
12-Nov-2024 15:38:11.459 INFO [main] org.apache.catalina.startup.VersionLoggerListener.log Server version number: 10.1.26.0
12-Nov-2024 15:38:11.459 INFO [main] org.apache.catalina.startup.VersionLoggerListener.log OS Name:               Windows 11
12-Nov-2024 15:38:11.460 INFO [main] org.apache.catalina.startup.VersionLoggerListener.log OS Version:            10.0
12-Nov-2024 15:38:11.460 INFO [main] org.apache.catalina.startup.VersionLoggerListener.log Architecture:          amd64
12-Nov-2024 15:38:11.460 INFO [main] org.apache.catalina.startup.VersionLoggerListener.log Java Home:             C:\Users\AN CUTE\.jdks\openjdk-22.0.2
12-Nov-2024 15:38:11.460 INFO [main] org.apache.catalina.startup.VersionLoggerListener.log JVM Version:           22.0.2+9-70
12-Nov-2024 15:38:11.461 INFO [main] org.apache.catalina.startup.VersionLoggerListener.log JVM Vendor:            Oracle Corporation
12-Nov-2024 15:38:11.461 INFO [main] org.apache.catalina.startup.VersionLoggerListener.log CATALINA_BASE:         D:\UTE_Huhu\HK1-2025\WEB\WebPersonalFinal
12-Nov-2024 15:38:11.461 INFO [main] org.apache.catalina.startup.VersionLoggerListener.log CATALINA_HOME:         D:\UTE_Huhu\HK1-2025\WEB\TomCat\apache-tomcat-10.1.26
12-Nov-2024 15:38:11.468 INFO [main] org.apache.catalina.startup.VersionLoggerListener.log Command line argument: --add-opens=java.base/java.lang=ALL-UNNAMED
12-Nov-2024 15:38:11.468 INFO [main] org.apache.catalina.startup.VersionLoggerListener.log Command line argument: --add-opens=java.base/java.io=ALL-UNNAMED
12-Nov-2024 15:38:11.468 INFO [main] org.apache.catalina.startup.VersionLoggerListener.log Command line argument: --add-opens=java.base/java.util=ALL-UNNAMED
12-Nov-2024 15:38:11.469 INFO [main] org.apache.catalina.startup.VersionLoggerListener.log Command line argument: --add-opens=java.base/java.util.concurrent=ALL-UNNAMED
12-Nov-2024 15:38:11.469 INFO [main] org.apache.catalina.startup.VersionLoggerListener.log Command line argument: --add-opens=java.rmi/sun.rmi.transport=ALL-UNNAMED
12-Nov-2024 15:38:11.469 INFO [main] org.apache.catalina.startup.VersionLoggerListener.log Command line argument: -Dcatalina.home=D:\UTE_Huhu\HK1-2025\WEB\TomCat\apache-tomcat-10.1.26
12-Nov-2024 15:38:11.469 INFO [main] org.apache.catalina.startup.VersionLoggerListener.log Command line argument: -Dcatalina.base=D:\UTE_Huhu\HK1-2025\WEB\WebPersonalFinal
12-Nov-2024 15:38:11.469 INFO [main] org.apache.catalina.startup.VersionLoggerListener.log Command line argument: -Djava.io.tmpdir=D:\UTE_Huhu\HK1-2025\WEB\WebPersonalFinal\temp
12-Nov-2024 15:38:11.469 INFO [main] org.apache.catalina.startup.VersionLoggerListener.log Command line argument: -Djava.util.logging.config.file=D:\UTE_Huhu\HK1-2025\WEB\WebPersonalFinal\conf\logging.properties
12-Nov-2024 15:38:11.469 INFO [main] org.apache.catalina.startup.VersionLoggerListener.log Command line argument: -Djava.util.logging.manager=org.apache.juli.ClassLoaderLogManager
12-Nov-2024 15:38:11.469 INFO [main] org.apache.catalina.startup.VersionLoggerListener.log Command line argument: -javaagent:E:\Program\Intellij\IntelliJ IDEA 2024.2.1\lib\idea_rt.jar=58434:E:\Program\Intellij\IntelliJ IDEA 2024.2.1\bin
12-Nov-2024 15:38:11.469 INFO [main] org.apache.catalina.startup.VersionLoggerListener.log Command line argument: -Dfile.encoding=UTF-8
12-Nov-2024 15:38:11.469 INFO [main] org.apache.catalina.startup.VersionLoggerListener.log Command line argument: -Dsun.stdout.encoding=UTF-8
12-Nov-2024 15:38:11.470 INFO [main] org.apache.catalina.startup.VersionLoggerListener.log Command line argument: -Dsun.stderr.encoding=UTF-8
12-Nov-2024 15:38:11.471 INFO [main] org.apache.catalina.core.AprLifecycleListener.lifecycleEvent Loaded Apache Tomcat Native library [2.0.7] using APR version [1.7.4].
12-Nov-2024 15:38:11.476 INFO [main] org.apache.catalina.core.AprLifecycleListener.initializeSSL OpenSSL successfully initialized [OpenSSL 3.0.13 30 Jan 2024]
12-Nov-2024 15:38:11.737 INFO [main] org.apache.coyote.AbstractProtocol.init Initializing ProtocolHandler ["http-nio-8080"]
12-Nov-2024 15:38:11.759 INFO [main] org.apache.catalina.startup.Catalina.load Server initialization in [462] milliseconds
12-Nov-2024 15:38:11.803 INFO [main] org.apache.catalina.core.StandardService.startInternal Starting service [Catalina]
12-Nov-2024 15:38:11.804 INFO [main] org.apache.catalina.core.StandardEngine.startInternal Starting Servlet engine: [Apache Tomcat/10.1.26]
12-Nov-2024 15:38:11.813 INFO [main] org.apache.catalina.startup.HostConfig.deployDescriptor Deploying deployment descriptor [D:\UTE_Huhu\HK1-2025\WEB\WebPersonalFinal\conf\Catalina\localhost\WebPersonalFinal.xml]
12-Nov-2024 15:38:12.101 INFO [main] org.apache.jasper.servlet.TldScanner.scanJars At least one JAR was scanned for TLDs yet contained no TLDs. Enable debug logging for this logger for a complete list of JARs that were scanned but no TLDs were found in them. Skipping unneeded JARs during scanning can improve startup time and JSP compilation time.
12-Nov-2024 15:38:12.143 INFO [main] org.apache.catalina.startup.HostConfig.deployDescriptor Deployment of deployment descriptor [D:\UTE_Huhu\HK1-2025\WEB\WebPersonalFinal\conf\Catalina\localhost\WebPersonalFinal.xml] has finished in [330] ms
12-Nov-2024 15:38:12.146 INFO [main] org.apache.coyote.AbstractProtocol.start Starting ProtocolHandler ["http-nio-8080"]
12-Nov-2024 15:38:12.166 INFO [main] org.apache.catalina.startup.Catalina.start Server startup in [406] milliseconds
12-Nov-2024 15:40:54.782 INFO [Thread-1] org.apache.coyote.AbstractProtocol.pause Pausing ProtocolHandler ["http-nio-8080"]
12-Nov-2024 15:40:54.786 INFO [Thread-1] org.apache.catalina.core.StandardService.stopInternal Stopping service [Catalina]
12-Nov-2024 15:40:54.794 INFO [Thread-1] org.apache.coyote.AbstractProtocol.stop Stopping ProtocolHandler ["http-nio-8080"]
12-Nov-2024 15:40:54.796 INFO [Thread-1] org.apache.coyote.AbstractProtocol.destroy Destroying ProtocolHandler ["http-nio-8080"]
12-Nov-2024 15:40:56.352 INFO [main] org.apache.catalina.startup.VersionLoggerListener.log Server version name:   Apache Tomcat/10.1.26
12-Nov-2024 15:40:56.357 INFO [main] org.apache.catalina.startup.VersionLoggerListener.log Server built:          Jul 7 2024 21:02:13 UTC
12-Nov-2024 15:40:56.357 INFO [main] org.apache.catalina.startup.VersionLoggerListener.log Server version number: 10.1.26.0
12-Nov-2024 15:40:56.357 INFO [main] org.apache.catalina.startup.VersionLoggerListener.log OS Name:               Windows 11
12-Nov-2024 15:40:56.357 INFO [main] org.apache.catalina.startup.VersionLoggerListener.log OS Version:            10.0
12-Nov-2024 15:40:56.358 INFO [main] org.apache.catalina.startup.VersionLoggerListener.log Architecture:          amd64
12-Nov-2024 15:40:56.358 INFO [main] org.apache.catalina.startup.VersionLoggerListener.log Java Home:             C:\Users\AN CUTE\.jdks\openjdk-22.0.2
12-Nov-2024 15:40:56.358 INFO [main] org.apache.catalina.startup.VersionLoggerListener.log JVM Version:           22.0.2+9-70
12-Nov-2024 15:40:56.358 INFO [main] org.apache.catalina.startup.VersionLoggerListener.log JVM Vendor:            Oracle Corporation
12-Nov-2024 15:40:56.358 INFO [main] org.apache.catalina.startup.VersionLoggerListener.log CATALINA_BASE:         D:\UTE_Huhu\HK1-2025\WEB\WebPersonalFinal
12-Nov-2024 15:40:56.358 INFO [main] org.apache.catalina.startup.VersionLoggerListener.log CATALINA_HOME:         D:\UTE_Huhu\HK1-2025\WEB\TomCat\apache-tomcat-10.1.26
12-Nov-2024 15:40:56.368 INFO [main] org.apache.catalina.startup.VersionLoggerListener.log Command line argument: --add-opens=java.base/java.lang=ALL-UNNAMED
12-Nov-2024 15:40:56.368 INFO [main] org.apache.catalina.startup.VersionLoggerListener.log Command line argument: --add-opens=java.base/java.io=ALL-UNNAMED
12-Nov-2024 15:40:56.369 INFO [main] org.apache.catalina.startup.VersionLoggerListener.log Command line argument: --add-opens=java.base/java.util=ALL-UNNAMED
12-Nov-2024 15:40:56.369 INFO [main] org.apache.catalina.startup.VersionLoggerListener.log Command line argument: --add-opens=java.base/java.util.concurrent=ALL-UNNAMED
12-Nov-2024 15:40:56.369 INFO [main] org.apache.catalina.startup.VersionLoggerListener.log Command line argument: --add-opens=java.rmi/sun.rmi.transport=ALL-UNNAMED
12-Nov-2024 15:40:56.369 INFO [main] org.apache.catalina.startup.VersionLoggerListener.log Command line argument: -Dcatalina.home=D:\UTE_Huhu\HK1-2025\WEB\TomCat\apache-tomcat-10.1.26
12-Nov-2024 15:40:56.369 INFO [main] org.apache.catalina.startup.VersionLoggerListener.log Command line argument: -Dcatalina.base=D:\UTE_Huhu\HK1-2025\WEB\WebPersonalFinal
12-Nov-2024 15:40:56.369 INFO [main] org.apache.catalina.startup.VersionLoggerListener.log Command line argument: -Djava.io.tmpdir=D:\UTE_Huhu\HK1-2025\WEB\WebPersonalFinal\temp
12-Nov-2024 15:40:56.369 INFO [main] org.apache.catalina.startup.VersionLoggerListener.log Command line argument: -Djava.util.logging.config.file=D:\UTE_Huhu\HK1-2025\WEB\WebPersonalFinal\conf\logging.properties
12-Nov-2024 15:40:56.370 INFO [main] org.apache.catalina.startup.VersionLoggerListener.log Command line argument: -Djava.util.logging.manager=org.apache.juli.ClassLoaderLogManager
12-Nov-2024 15:40:56.370 INFO [main] org.apache.catalina.startup.VersionLoggerListener.log Command line argument: -javaagent:E:\Program\Intellij\IntelliJ IDEA 2024.2.1\lib\idea_rt.jar=58476:E:\Program\Intellij\IntelliJ IDEA 2024.2.1\bin
12-Nov-2024 15:40:56.370 INFO [main] org.apache.catalina.startup.VersionLoggerListener.log Command line argument: -Dfile.encoding=UTF-8
12-Nov-2024 15:40:56.370 INFO [main] org.apache.catalina.startup.VersionLoggerListener.log Command line argument: -Dsun.stdout.encoding=UTF-8
12-Nov-2024 15:40:56.370 INFO [main] org.apache.catalina.startup.VersionLoggerListener.log Command line argument: -Dsun.stderr.encoding=UTF-8
12-Nov-2024 15:40:56.373 INFO [main] org.apache.catalina.core.AprLifecycleListener.lifecycleEvent Loaded Apache Tomcat Native library [2.0.7] using APR version [1.7.4].
12-Nov-2024 15:40:56.379 INFO [main] org.apache.catalina.core.AprLifecycleListener.initializeSSL OpenSSL successfully initialized [OpenSSL 3.0.13 30 Jan 2024]
12-Nov-2024 15:40:56.707 INFO [main] org.apache.coyote.AbstractProtocol.init Initializing ProtocolHandler ["http-nio-8080"]
12-Nov-2024 15:40:56.722 INFO [main] org.apache.catalina.startup.Catalina.load Server initialization in [562] milliseconds
12-Nov-2024 15:40:56.761 INFO [main] org.apache.catalina.core.StandardService.startInternal Starting service [Catalina]
12-Nov-2024 15:40:56.762 INFO [main] org.apache.catalina.core.StandardEngine.startInternal Starting Servlet engine: [Apache Tomcat/10.1.26]
12-Nov-2024 15:40:56.769 INFO [main] org.apache.catalina.startup.HostConfig.deployDescriptor Deploying deployment descriptor [D:\UTE_Huhu\HK1-2025\WEB\WebPersonalFinal\conf\Catalina\localhost\WebPersonalFinal.xml]
12-Nov-2024 15:40:57.076 INFO [main] org.apache.jasper.servlet.TldScanner.scanJars At least one JAR was scanned for TLDs yet contained no TLDs. Enable debug logging for this logger for a complete list of JARs that were scanned but no TLDs were found in them. Skipping unneeded JARs during scanning can improve startup time and JSP compilation time.
12-Nov-2024 15:40:57.120 INFO [main] org.apache.catalina.startup.HostConfig.deployDescriptor Deployment of deployment descriptor [D:\UTE_Huhu\HK1-2025\WEB\WebPersonalFinal\conf\Catalina\localhost\WebPersonalFinal.xml] has finished in [351] ms
12-Nov-2024 15:40:57.125 INFO [main] org.apache.coyote.AbstractProtocol.start Starting ProtocolHandler ["http-nio-8080"]
12-Nov-2024 15:40:57.146 INFO [main] org.apache.catalina.startup.Catalina.start Server startup in [422] milliseconds
12-Nov-2024 15:43:12.045 INFO [Thread-1] org.apache.coyote.AbstractProtocol.pause Pausing ProtocolHandler ["http-nio-8080"]
12-Nov-2024 15:43:12.050 INFO [Thread-1] org.apache.catalina.core.StandardService.stopInternal Stopping service [Catalina]
12-Nov-2024 15:43:12.057 INFO [Thread-1] org.apache.coyote.AbstractProtocol.stop Stopping ProtocolHandler ["http-nio-8080"]
12-Nov-2024 15:43:12.061 INFO [Thread-1] org.apache.coyote.AbstractProtocol.destroy Destroying ProtocolHandler ["http-nio-8080"]
12-Nov-2024 15:43:13.694 INFO [main] org.apache.catalina.startup.VersionLoggerListener.log Server version name:   Apache Tomcat/10.1.26
12-Nov-2024 15:43:13.697 INFO [main] org.apache.catalina.startup.VersionLoggerListener.log Server built:          Jul 7 2024 21:02:13 UTC
12-Nov-2024 15:43:13.698 INFO [main] org.apache.catalina.startup.VersionLoggerListener.log Server version number: 10.1.26.0
12-Nov-2024 15:43:13.698 INFO [main] org.apache.catalina.startup.VersionLoggerListener.log OS Name:               Windows 11
12-Nov-2024 15:43:13.698 INFO [main] org.apache.catalina.startup.VersionLoggerListener.log OS Version:            10.0
12-Nov-2024 15:43:13.698 INFO [main] org.apache.catalina.startup.VersionLoggerListener.log Architecture:          amd64
12-Nov-2024 15:43:13.698 INFO [main] org.apache.catalina.startup.VersionLoggerListener.log Java Home:             C:\Users\AN CUTE\.jdks\openjdk-22.0.2
12-Nov-2024 15:43:13.698 INFO [main] org.apache.catalina.startup.VersionLoggerListener.log JVM Version:           22.0.2+9-70
12-Nov-2024 15:43:13.698 INFO [main] org.apache.catalina.startup.VersionLoggerListener.log JVM Vendor:            Oracle Corporation
12-Nov-2024 15:43:13.699 INFO [main] org.apache.catalina.startup.VersionLoggerListener.log CATALINA_BASE:         D:\UTE_Huhu\HK1-2025\WEB\WebPersonalFinal
12-Nov-2024 15:43:13.699 INFO [main] org.apache.catalina.startup.VersionLoggerListener.log CATALINA_HOME:         D:\UTE_Huhu\HK1-2025\WEB\TomCat\apache-tomcat-10.1.26
12-Nov-2024 15:43:13.707 INFO [main] org.apache.catalina.startup.VersionLoggerListener.log Command line argument: --add-opens=java.base/java.lang=ALL-UNNAMED
12-Nov-2024 15:43:13.708 INFO [main] org.apache.catalina.startup.VersionLoggerListener.log Command line argument: --add-opens=java.base/java.io=ALL-UNNAMED
12-Nov-2024 15:43:13.708 INFO [main] org.apache.catalina.startup.VersionLoggerListener.log Command line argument: --add-opens=java.base/java.util=ALL-UNNAMED
12-Nov-2024 15:43:13.708 INFO [main] org.apache.catalina.startup.VersionLoggerListener.log Command line argument: --add-opens=java.base/java.util.concurrent=ALL-UNNAMED
12-Nov-2024 15:43:13.708 INFO [main] org.apache.catalina.startup.VersionLoggerListener.log Command line argument: --add-opens=java.rmi/sun.rmi.transport=ALL-UNNAMED
12-Nov-2024 15:43:13.708 INFO [main] org.apache.catalina.startup.VersionLoggerListener.log Command line argument: -Dcatalina.home=D:\UTE_Huhu\HK1-2025\WEB\TomCat\apache-tomcat-10.1.26
12-Nov-2024 15:43:13.708 INFO [main] org.apache.catalina.startup.VersionLoggerListener.log Command line argument: -Dcatalina.base=D:\UTE_Huhu\HK1-2025\WEB\WebPersonalFinal
12-Nov-2024 15:43:13.708 INFO [main] org.apache.catalina.startup.VersionLoggerListener.log Command line argument: -Djava.io.tmpdir=D:\UTE_Huhu\HK1-2025\WEB\WebPersonalFinal\temp
12-Nov-2024 15:43:13.708 INFO [main] org.apache.catalina.startup.VersionLoggerListener.log Command line argument: -Djava.util.logging.config.file=D:\UTE_Huhu\HK1-2025\WEB\WebPersonalFinal\conf\logging.properties
12-Nov-2024 15:43:13.708 INFO [main] org.apache.catalina.startup.VersionLoggerListener.log Command line argument: -Djava.util.logging.manager=org.apache.juli.ClassLoaderLogManager
12-Nov-2024 15:43:13.708 INFO [main] org.apache.catalina.startup.VersionLoggerListener.log Command line argument: -javaagent:E:\Program\Intellij\IntelliJ IDEA 2024.2.1\lib\idea_rt.jar=58508:E:\Program\Intellij\IntelliJ IDEA 2024.2.1\bin
12-Nov-2024 15:43:13.708 INFO [main] org.apache.catalina.startup.VersionLoggerListener.log Command line argument: -Dfile.encoding=UTF-8
12-Nov-2024 15:43:13.708 INFO [main] org.apache.catalina.startup.VersionLoggerListener.log Command line argument: -Dsun.stdout.encoding=UTF-8
12-Nov-2024 15:43:13.708 INFO [main] org.apache.catalina.startup.VersionLoggerListener.log Command line argument: -Dsun.stderr.encoding=UTF-8
12-Nov-2024 15:43:13.711 INFO [main] org.apache.catalina.core.AprLifecycleListener.lifecycleEvent Loaded Apache Tomcat Native library [2.0.7] using APR version [1.7.4].
12-Nov-2024 15:43:13.716 INFO [main] org.apache.catalina.core.AprLifecycleListener.initializeSSL OpenSSL successfully initialized [OpenSSL 3.0.13 30 Jan 2024]
12-Nov-2024 15:43:14.109 INFO [main] org.apache.coyote.AbstractProtocol.init Initializing ProtocolHandler ["http-nio-8080"]
12-Nov-2024 15:43:14.124 INFO [main] org.apache.catalina.startup.Catalina.load Server initialization in [607] milliseconds
12-Nov-2024 15:43:14.182 INFO [main] org.apache.catalina.core.StandardService.startInternal Starting service [Catalina]
12-Nov-2024 15:43:14.182 INFO [main] org.apache.catalina.core.StandardEngine.startInternal Starting Servlet engine: [Apache Tomcat/10.1.26]
12-Nov-2024 15:43:14.196 INFO [main] org.apache.catalina.startup.HostConfig.deployDescriptor Deploying deployment descriptor [D:\UTE_Huhu\HK1-2025\WEB\WebPersonalFinal\conf\Catalina\localhost\WebPersonalFinal.xml]
12-Nov-2024 15:43:14.504 INFO [main] org.apache.jasper.servlet.TldScanner.scanJars At least one JAR was scanned for TLDs yet contained no TLDs. Enable debug logging for this logger for a complete list of JARs that were scanned but no TLDs were found in them. Skipping unneeded JARs during scanning can improve startup time and JSP compilation time.
12-Nov-2024 15:43:14.545 INFO [main] org.apache.catalina.startup.HostConfig.deployDescriptor Deployment of deployment descriptor [D:\UTE_Huhu\HK1-2025\WEB\WebPersonalFinal\conf\Catalina\localhost\WebPersonalFinal.xml] has finished in [350] ms
12-Nov-2024 15:43:14.550 INFO [main] org.apache.coyote.AbstractProtocol.start Starting ProtocolHandler ["http-nio-8080"]
12-Nov-2024 15:43:14.571 INFO [main] org.apache.catalina.startup.Catalina.start Server startup in [445] milliseconds
12-Nov-2024 15:46:28.965 INFO [Thread-1] org.apache.coyote.AbstractProtocol.pause Pausing ProtocolHandler ["http-nio-8080"]
12-Nov-2024 15:46:28.971 INFO [Thread-1] org.apache.catalina.core.StandardService.stopInternal Stopping service [Catalina]
12-Nov-2024 15:46:28.980 INFO [Thread-1] org.apache.coyote.AbstractProtocol.stop Stopping ProtocolHandler ["http-nio-8080"]
12-Nov-2024 15:46:28.984 INFO [Thread-1] org.apache.coyote.AbstractProtocol.destroy Destroying ProtocolHandler ["http-nio-8080"]
12-Nov-2024 15:46:31.138 INFO [main] org.apache.catalina.startup.VersionLoggerListener.log Server version name:   Apache Tomcat/10.1.26
12-Nov-2024 15:46:31.141 INFO [main] org.apache.catalina.startup.VersionLoggerListener.log Server built:          Jul 7 2024 21:02:13 UTC
12-Nov-2024 15:46:31.142 INFO [main] org.apache.catalina.startup.VersionLoggerListener.log Server version number: 10.1.26.0
12-Nov-2024 15:46:31.142 INFO [main] org.apache.catalina.startup.VersionLoggerListener.log OS Name:               Windows 11
12-Nov-2024 15:46:31.142 INFO [main] org.apache.catalina.startup.VersionLoggerListener.log OS Version:            10.0
12-Nov-2024 15:46:31.142 INFO [main] org.apache.catalina.startup.VersionLoggerListener.log Architecture:          amd64
12-Nov-2024 15:46:31.142 INFO [main] org.apache.catalina.startup.VersionLoggerListener.log Java Home:             C:\Users\AN CUTE\.jdks\openjdk-22.0.2
12-Nov-2024 15:46:31.142 INFO [main] org.apache.catalina.startup.VersionLoggerListener.log JVM Version:           22.0.2+9-70
12-Nov-2024 15:46:31.142 INFO [main] org.apache.catalina.startup.VersionLoggerListener.log JVM Vendor:            Oracle Corporation
12-Nov-2024 15:46:31.142 INFO [main] org.apache.catalina.startup.VersionLoggerListener.log CATALINA_BASE:         D:\UTE_Huhu\HK1-2025\WEB\WebPersonalFinal
12-Nov-2024 15:46:31.142 INFO [main] org.apache.catalina.startup.VersionLoggerListener.log CATALINA_HOME:         D:\UTE_Huhu\HK1-2025\WEB\TomCat\apache-tomcat-10.1.26
12-Nov-2024 15:46:31.149 INFO [main] org.apache.catalina.startup.VersionLoggerListener.log Command line argument: --add-opens=java.base/java.lang=ALL-UNNAMED
12-Nov-2024 15:46:31.149 INFO [main] org.apache.catalina.startup.VersionLoggerListener.log Command line argument: --add-opens=java.base/java.io=ALL-UNNAMED
12-Nov-2024 15:46:31.149 INFO [main] org.apache.catalina.startup.VersionLoggerListener.log Command line argument: --add-opens=java.base/java.util=ALL-UNNAMED
12-Nov-2024 15:46:31.149 INFO [main] org.apache.catalina.startup.VersionLoggerListener.log Command line argument: --add-opens=java.base/java.util.concurrent=ALL-UNNAMED
12-Nov-2024 15:46:31.150 INFO [main] org.apache.catalina.startup.VersionLoggerListener.log Command line argument: --add-opens=java.rmi/sun.rmi.transport=ALL-UNNAMED
12-Nov-2024 15:46:31.150 INFO [main] org.apache.catalina.startup.VersionLoggerListener.log Command line argument: -Dcatalina.home=D:\UTE_Huhu\HK1-2025\WEB\TomCat\apache-tomcat-10.1.26
12-Nov-2024 15:46:31.150 INFO [main] org.apache.catalina.startup.VersionLoggerListener.log Command line argument: -Dcatalina.base=D:\UTE_Huhu\HK1-2025\WEB\WebPersonalFinal
12-Nov-2024 15:46:31.150 INFO [main] org.apache.catalina.startup.VersionLoggerListener.log Command line argument: -Djava.io.tmpdir=D:\UTE_Huhu\HK1-2025\WEB\WebPersonalFinal\temp
12-Nov-2024 15:46:31.150 INFO [main] org.apache.catalina.startup.VersionLoggerListener.log Command line argument: -Djava.util.logging.config.file=D:\UTE_Huhu\HK1-2025\WEB\WebPersonalFinal\conf\logging.properties
12-Nov-2024 15:46:31.150 INFO [main] org.apache.catalina.startup.VersionLoggerListener.log Command line argument: -Djava.util.logging.manager=org.apache.juli.ClassLoaderLogManager
12-Nov-2024 15:46:31.150 INFO [main] org.apache.catalina.startup.VersionLoggerListener.log Command line argument: -javaagent:E:\Program\Intellij\IntelliJ IDEA 2024.2.1\lib\idea_rt.jar=58559:E:\Program\Intellij\IntelliJ IDEA 2024.2.1\bin
12-Nov-2024 15:46:31.150 INFO [main] org.apache.catalina.startup.VersionLoggerListener.log Command line argument: -Dfile.encoding=UTF-8
12-Nov-2024 15:46:31.150 INFO [main] org.apache.catalina.startup.VersionLoggerListener.log Command line argument: -Dsun.stdout.encoding=UTF-8
12-Nov-2024 15:46:31.150 INFO [main] org.apache.catalina.startup.VersionLoggerListener.log Command line argument: -Dsun.stderr.encoding=UTF-8
12-Nov-2024 15:46:31.152 INFO [main] org.apache.catalina.core.AprLifecycleListener.lifecycleEvent Loaded Apache Tomcat Native library [2.0.7] using APR version [1.7.4].
12-Nov-2024 15:46:31.156 INFO [main] org.apache.catalina.core.AprLifecycleListener.initializeSSL OpenSSL successfully initialized [OpenSSL 3.0.13 30 Jan 2024]
12-Nov-2024 15:46:31.448 INFO [main] org.apache.coyote.AbstractProtocol.init Initializing ProtocolHandler ["http-nio-8080"]
12-Nov-2024 15:46:31.478 INFO [main] org.apache.catalina.startup.Catalina.load Server initialization in [498] milliseconds
12-Nov-2024 15:46:31.544 INFO [main] org.apache.catalina.core.StandardService.startInternal Starting service [Catalina]
12-Nov-2024 15:46:31.544 INFO [main] org.apache.catalina.core.StandardEngine.startInternal Starting Servlet engine: [Apache Tomcat/10.1.26]
12-Nov-2024 15:46:31.557 INFO [main] org.apache.catalina.startup.HostConfig.deployDescriptor Deploying deployment descriptor [D:\UTE_Huhu\HK1-2025\WEB\WebPersonalFinal\conf\Catalina\localhost\WebPersonalFinal.xml]
12-Nov-2024 15:46:31.864 INFO [main] org.apache.jasper.servlet.TldScanner.scanJars At least one JAR was scanned for TLDs yet contained no TLDs. Enable debug logging for this logger for a complete list of JARs that were scanned but no TLDs were found in them. Skipping unneeded JARs during scanning can improve startup time and JSP compilation time.
12-Nov-2024 15:46:31.906 INFO [main] org.apache.catalina.startup.HostConfig.deployDescriptor Deployment of deployment descriptor [D:\UTE_Huhu\HK1-2025\WEB\WebPersonalFinal\conf\Catalina\localhost\WebPersonalFinal.xml] has finished in [348] ms
12-Nov-2024 15:46:31.910 INFO [main] org.apache.coyote.AbstractProtocol.start Starting ProtocolHandler ["http-nio-8080"]
12-Nov-2024 15:46:31.931 INFO [main] org.apache.catalina.startup.Catalina.start Server startup in [451] milliseconds
12-Nov-2024 15:48:50.642 INFO [Thread-1] org.apache.coyote.AbstractProtocol.pause Pausing ProtocolHandler ["http-nio-8080"]
12-Nov-2024 15:48:50.647 INFO [Thread-1] org.apache.catalina.core.StandardService.stopInternal Stopping service [Catalina]
12-Nov-2024 15:48:50.656 INFO [Thread-1] org.apache.coyote.AbstractProtocol.stop Stopping ProtocolHandler ["http-nio-8080"]
12-Nov-2024 15:48:50.659 INFO [Thread-1] org.apache.coyote.AbstractProtocol.destroy Destroying ProtocolHandler ["http-nio-8080"]
12-Nov-2024 15:48:52.973 INFO [main] org.apache.catalina.startup.VersionLoggerListener.log Server version name:   Apache Tomcat/10.1.26
12-Nov-2024 15:48:52.977 INFO [main] org.apache.catalina.startup.VersionLoggerListener.log Server built:          Jul 7 2024 21:02:13 UTC
12-Nov-2024 15:48:52.977 INFO [main] org.apache.catalina.startup.VersionLoggerListener.log Server version number: 10.1.26.0
12-Nov-2024 15:48:52.977 INFO [main] org.apache.catalina.startup.VersionLoggerListener.log OS Name:               Windows 11
12-Nov-2024 15:48:52.977 INFO [main] org.apache.catalina.startup.VersionLoggerListener.log OS Version:            10.0
12-Nov-2024 15:48:52.978 INFO [main] org.apache.catalina.startup.VersionLoggerListener.log Architecture:          amd64
12-Nov-2024 15:48:52.978 INFO [main] org.apache.catalina.startup.VersionLoggerListener.log Java Home:             C:\Users\AN CUTE\.jdks\openjdk-22.0.2
12-Nov-2024 15:48:52.978 INFO [main] org.apache.catalina.startup.VersionLoggerListener.log JVM Version:           22.0.2+9-70
12-Nov-2024 15:48:52.978 INFO [main] org.apache.catalina.startup.VersionLoggerListener.log JVM Vendor:            Oracle Corporation
12-Nov-2024 15:48:52.978 INFO [main] org.apache.catalina.startup.VersionLoggerListener.log CATALINA_BASE:         D:\UTE_Huhu\HK1-2025\WEB\WebPersonalFinal
12-Nov-2024 15:48:52.978 INFO [main] org.apache.catalina.startup.VersionLoggerListener.log CATALINA_HOME:         D:\UTE_Huhu\HK1-2025\WEB\TomCat\apache-tomcat-10.1.26
12-Nov-2024 15:48:52.989 INFO [main] org.apache.catalina.startup.VersionLoggerListener.log Command line argument: --add-opens=java.base/java.lang=ALL-UNNAMED
12-Nov-2024 15:48:52.990 INFO [main] org.apache.catalina.startup.VersionLoggerListener.log Command line argument: --add-opens=java.base/java.io=ALL-UNNAMED
12-Nov-2024 15:48:52.990 INFO [main] org.apache.catalina.startup.VersionLoggerListener.log Command line argument: --add-opens=java.base/java.util=ALL-UNNAMED
12-Nov-2024 15:48:52.990 INFO [main] org.apache.catalina.startup.VersionLoggerListener.log Command line argument: --add-opens=java.base/java.util.concurrent=ALL-UNNAMED
12-Nov-2024 15:48:52.990 INFO [main] org.apache.catalina.startup.VersionLoggerListener.log Command line argument: --add-opens=java.rmi/sun.rmi.transport=ALL-UNNAMED
12-Nov-2024 15:48:52.990 INFO [main] org.apache.catalina.startup.VersionLoggerListener.log Command line argument: -Dcatalina.home=D:\UTE_Huhu\HK1-2025\WEB\TomCat\apache-tomcat-10.1.26
12-Nov-2024 15:48:52.990 INFO [main] org.apache.catalina.startup.VersionLoggerListener.log Command line argument: -Dcatalina.base=D:\UTE_Huhu\HK1-2025\WEB\WebPersonalFinal
12-Nov-2024 15:48:52.990 INFO [main] org.apache.catalina.startup.VersionLoggerListener.log Command line argument: -Djava.io.tmpdir=D:\UTE_Huhu\HK1-2025\WEB\WebPersonalFinal\temp
12-Nov-2024 15:48:52.990 INFO [main] org.apache.catalina.startup.VersionLoggerListener.log Command line argument: -Djava.util.logging.config.file=D:\UTE_Huhu\HK1-2025\WEB\WebPersonalFinal\conf\logging.properties
12-Nov-2024 15:48:52.990 INFO [main] org.apache.catalina.startup.VersionLoggerListener.log Command line argument: -Djava.util.logging.manager=org.apache.juli.ClassLoaderLogManager
12-Nov-2024 15:48:52.991 INFO [main] org.apache.catalina.startup.VersionLoggerListener.log Command line argument: -javaagent:E:\Program\Intellij\IntelliJ IDEA 2024.2.1\lib\idea_rt.jar=58592:E:\Program\Intellij\IntelliJ IDEA 2024.2.1\bin
12-Nov-2024 15:48:52.991 INFO [main] org.apache.catalina.startup.VersionLoggerListener.log Command line argument: -Dfile.encoding=UTF-8
12-Nov-2024 15:48:52.991 INFO [main] org.apache.catalina.startup.VersionLoggerListener.log Command line argument: -Dsun.stdout.encoding=UTF-8
12-Nov-2024 15:48:52.991 INFO [main] org.apache.catalina.startup.VersionLoggerListener.log Command line argument: -Dsun.stderr.encoding=UTF-8
12-Nov-2024 15:48:52.993 INFO [main] org.apache.catalina.core.AprLifecycleListener.lifecycleEvent Loaded Apache Tomcat Native library [2.0.7] using APR version [1.7.4].
12-Nov-2024 15:48:52.997 INFO [main] org.apache.catalina.core.AprLifecycleListener.initializeSSL OpenSSL successfully initialized [OpenSSL 3.0.13 30 Jan 2024]
12-Nov-2024 15:48:53.302 INFO [main] org.apache.coyote.AbstractProtocol.init Initializing ProtocolHandler ["http-nio-8080"]
12-Nov-2024 15:48:53.318 INFO [main] org.apache.catalina.startup.Catalina.load Server initialization in [505] milliseconds
12-Nov-2024 15:48:53.368 INFO [main] org.apache.catalina.core.StandardService.startInternal Starting service [Catalina]
12-Nov-2024 15:48:53.369 INFO [main] org.apache.catalina.core.StandardEngine.startInternal Starting Servlet engine: [Apache Tomcat/10.1.26]
12-Nov-2024 15:48:53.380 INFO [main] org.apache.catalina.startup.HostConfig.deployDescriptor Deploying deployment descriptor [D:\UTE_Huhu\HK1-2025\WEB\WebPersonalFinal\conf\Catalina\localhost\WebPersonalFinal.xml]
12-Nov-2024 15:48:53.663 INFO [main] org.apache.jasper.servlet.TldScanner.scanJars At least one JAR was scanned for TLDs yet contained no TLDs. Enable debug logging for this logger for a complete list of JARs that were scanned but no TLDs were found in them. Skipping unneeded JARs during scanning can improve startup time and JSP compilation time.
12-Nov-2024 15:48:53.706 INFO [main] org.apache.catalina.startup.HostConfig.deployDescriptor Deployment of deployment descriptor [D:\UTE_Huhu\HK1-2025\WEB\WebPersonalFinal\conf\Catalina\localhost\WebPersonalFinal.xml] has finished in [325] ms
12-Nov-2024 15:48:53.709 INFO [main] org.apache.coyote.AbstractProtocol.start Starting ProtocolHandler ["http-nio-8080"]
12-Nov-2024 15:48:53.728 INFO [main] org.apache.catalina.startup.Catalina.start Server startup in [407] milliseconds
12-Nov-2024 15:49:03.716 INFO [Catalina-utility-1] org.apache.catalina.startup.HostConfig.reload Reloading context [/WebPersonalFinal]
12-Nov-2024 15:49:03.716 INFO [Catalina-utility-1] org.apache.catalina.core.StandardContext.reload Reloading Context with name [/WebPersonalFinal] has started
12-Nov-2024 15:49:03.772 INFO [Catalina-utility-1] org.apache.jasper.servlet.TldScanner.scanJars At least one JAR was scanned for TLDs yet contained no TLDs. Enable debug logging for this logger for a complete list of JARs that were scanned but no TLDs were found in them. Skipping unneeded JARs during scanning can improve startup time and JSP compilation time.
12-Nov-2024 15:49:03.773 INFO [Catalina-utility-1] org.apache.catalina.core.StandardContext.reload Reloading Context with name [/WebPersonalFinal] is completed
12-Nov-2024 15:50:24.609 INFO [Thread-1] org.apache.coyote.AbstractProtocol.pause Pausing ProtocolHandler ["http-nio-8080"]
12-Nov-2024 15:50:24.615 INFO [Thread-1] org.apache.catalina.core.StandardService.stopInternal Stopping service [Catalina]
12-Nov-2024 15:50:24.618 INFO [Thread-1] org.apache.coyote.AbstractProtocol.stop Stopping ProtocolHandler ["http-nio-8080"]
12-Nov-2024 15:50:24.620 INFO [Thread-1] org.apache.coyote.AbstractProtocol.destroy Destroying ProtocolHandler ["http-nio-8080"]
12-Nov-2024 15:52:32.480 INFO [main] org.apache.catalina.startup.VersionLoggerListener.log Server version name:   Apache Tomcat/10.1.26
12-Nov-2024 15:52:32.483 INFO [main] org.apache.catalina.startup.VersionLoggerListener.log Server built:          Jul 7 2024 21:02:13 UTC
12-Nov-2024 15:52:32.483 INFO [main] org.apache.catalina.startup.VersionLoggerListener.log Server version number: 10.1.26.0
12-Nov-2024 15:52:32.483 INFO [main] org.apache.catalina.startup.VersionLoggerListener.log OS Name:               Windows 11
12-Nov-2024 15:52:32.484 INFO [main] org.apache.catalina.startup.VersionLoggerListener.log OS Version:            10.0
12-Nov-2024 15:52:32.484 INFO [main] org.apache.catalina.startup.VersionLoggerListener.log Architecture:          amd64
12-Nov-2024 15:52:32.484 INFO [main] org.apache.catalina.startup.VersionLoggerListener.log Java Home:             C:\Users\AN CUTE\.jdks\openjdk-22.0.2
12-Nov-2024 15:52:32.484 INFO [main] org.apache.catalina.startup.VersionLoggerListener.log JVM Version:           22.0.2+9-70
12-Nov-2024 15:52:32.484 INFO [main] org.apache.catalina.startup.VersionLoggerListener.log JVM Vendor:            Oracle Corporation
12-Nov-2024 15:52:32.484 INFO [main] org.apache.catalina.startup.VersionLoggerListener.log CATALINA_BASE:         D:\UTE_Huhu\HK1-2025\WEB\WebPersonalFinal
12-Nov-2024 15:52:32.484 INFO [main] org.apache.catalina.startup.VersionLoggerListener.log CATALINA_HOME:         D:\UTE_Huhu\HK1-2025\WEB\TomCat\apache-tomcat-10.1.26
12-Nov-2024 15:52:32.491 INFO [main] org.apache.catalina.startup.VersionLoggerListener.log Command line argument: --add-opens=java.base/java.lang=ALL-UNNAMED
12-Nov-2024 15:52:32.491 INFO [main] org.apache.catalina.startup.VersionLoggerListener.log Command line argument: --add-opens=java.base/java.io=ALL-UNNAMED
12-Nov-2024 15:52:32.491 INFO [main] org.apache.catalina.startup.VersionLoggerListener.log Command line argument: --add-opens=java.base/java.util=ALL-UNNAMED
12-Nov-2024 15:52:32.491 INFO [main] org.apache.catalina.startup.VersionLoggerListener.log Command line argument: --add-opens=java.base/java.util.concurrent=ALL-UNNAMED
12-Nov-2024 15:52:32.491 INFO [main] org.apache.catalina.startup.VersionLoggerListener.log Command line argument: --add-opens=java.rmi/sun.rmi.transport=ALL-UNNAMED
12-Nov-2024 15:52:32.491 INFO [main] org.apache.catalina.startup.VersionLoggerListener.log Command line argument: -Dcatalina.home=D:\UTE_Huhu\HK1-2025\WEB\TomCat\apache-tomcat-10.1.26
12-Nov-2024 15:52:32.491 INFO [main] org.apache.catalina.startup.VersionLoggerListener.log Command line argument: -Dcatalina.base=D:\UTE_Huhu\HK1-2025\WEB\WebPersonalFinal
12-Nov-2024 15:52:32.491 INFO [main] org.apache.catalina.startup.VersionLoggerListener.log Command line argument: -Djava.io.tmpdir=D:\UTE_Huhu\HK1-2025\WEB\WebPersonalFinal\temp
12-Nov-2024 15:52:32.491 INFO [main] org.apache.catalina.startup.VersionLoggerListener.log Command line argument: -Djava.util.logging.config.file=D:\UTE_Huhu\HK1-2025\WEB\WebPersonalFinal\conf\logging.properties
12-Nov-2024 15:52:32.491 INFO [main] org.apache.catalina.startup.VersionLoggerListener.log Command line argument: -Djava.util.logging.manager=org.apache.juli.ClassLoaderLogManager
12-Nov-2024 15:52:32.492 INFO [main] org.apache.catalina.startup.VersionLoggerListener.log Command line argument: -javaagent:E:\Program\Intellij\IntelliJ IDEA 2024.2.1\lib\idea_rt.jar=58654:E:\Program\Intellij\IntelliJ IDEA 2024.2.1\bin
12-Nov-2024 15:52:32.492 INFO [main] org.apache.catalina.startup.VersionLoggerListener.log Command line argument: -Dfile.encoding=UTF-8
12-Nov-2024 15:52:32.492 INFO [main] org.apache.catalina.startup.VersionLoggerListener.log Command line argument: -Dsun.stdout.encoding=UTF-8
12-Nov-2024 15:52:32.492 INFO [main] org.apache.catalina.startup.VersionLoggerListener.log Command line argument: -Dsun.stderr.encoding=UTF-8
12-Nov-2024 15:52:32.494 INFO [main] org.apache.catalina.core.AprLifecycleListener.lifecycleEvent Loaded Apache Tomcat Native library [2.0.7] using APR version [1.7.4].
12-Nov-2024 15:52:32.499 INFO [main] org.apache.catalina.core.AprLifecycleListener.initializeSSL OpenSSL successfully initialized [OpenSSL 3.0.13 30 Jan 2024]
12-Nov-2024 15:52:32.770 INFO [main] org.apache.coyote.AbstractProtocol.init Initializing ProtocolHandler ["http-nio-8080"]
12-Nov-2024 15:52:32.785 INFO [main] org.apache.catalina.startup.Catalina.load Server initialization in [455] milliseconds
12-Nov-2024 15:52:32.825 INFO [main] org.apache.catalina.core.StandardService.startInternal Starting service [Catalina]
12-Nov-2024 15:52:32.826 INFO [main] org.apache.catalina.core.StandardEngine.startInternal Starting Servlet engine: [Apache Tomcat/10.1.26]
12-Nov-2024 15:52:32.834 INFO [main] org.apache.catalina.startup.HostConfig.deployDescriptor Deploying deployment descriptor [D:\UTE_Huhu\HK1-2025\WEB\WebPersonalFinal\conf\Catalina\localhost\WebPersonalFinal.xml]
12-Nov-2024 15:52:33.400 INFO [main] org.apache.jasper.servlet.TldScanner.scanJars At least one JAR was scanned for TLDs yet contained no TLDs. Enable debug logging for this logger for a complete list of JARs that were scanned but no TLDs were found in them. Skipping unneeded JARs during scanning can improve startup time and JSP compilation time.
12-Nov-2024 15:52:33.457 INFO [main] org.apache.catalina.startup.HostConfig.deployDescriptor Deployment of deployment descriptor [D:\UTE_Huhu\HK1-2025\WEB\WebPersonalFinal\conf\Catalina\localhost\WebPersonalFinal.xml] has finished in [623] ms
12-Nov-2024 15:52:33.460 INFO [main] org.apache.coyote.AbstractProtocol.start Starting ProtocolHandler ["http-nio-8080"]
12-Nov-2024 15:52:33.479 INFO [main] org.apache.catalina.startup.Catalina.start Server startup in [691] milliseconds
12-Nov-2024 15:53:06.498 INFO [Thread-1] org.apache.coyote.AbstractProtocol.pause Pausing ProtocolHandler ["http-nio-8080"]
12-Nov-2024 15:53:06.503 INFO [Thread-1] org.apache.catalina.core.StandardService.stopInternal Stopping service [Catalina]
12-Nov-2024 15:53:06.515 INFO [Thread-1] org.apache.coyote.AbstractProtocol.stop Stopping ProtocolHandler ["http-nio-8080"]
12-Nov-2024 15:53:06.534 INFO [Thread-1] org.apache.coyote.AbstractProtocol.destroy Destroying ProtocolHandler ["http-nio-8080"]
